This file contains any messages produced by compilers while
running configure, to aid debugging if configure makes a mistake.

It was created by igor configure 1.4.0, which was
generated by GNU Autoconf 2.69.  Invocation command line was

  $ ./configure 

## --------- ##
## Platform. ##
## --------- ##

hostname = jrb-X570-ubu2004
uname -m = x86_64
uname -r = 5.4.0-56-generic
uname -s = Linux
uname -v = #62-Ubuntu SMP Mon Nov 23 19:20:19 UTC 2020

/usr/bin/uname -p = x86_64
/bin/uname -X     = unknown

/bin/arch              = x86_64
/usr/bin/arch -k       = unknown
/usr/convex/getsysinfo = unknown
/usr/bin/hostinfo      = unknown
/bin/machine           = unknown
/usr/bin/oslevel       = unknown
/bin/universe          = unknown

PATH: /home/jrb/.pyenv/plugins/pyenv-virtualenv/shims
PATH: /home/jrb/.pyenv/shims
PATH: /home/jrb/.pyenv/bin
PATH: /mnt/MP510/fswap/miniconda3/condabin
PATH: /usr/local/texlive/2020/bin/x86_64-linux
PATH: /home/jrb/opthome/PEAR_0_9_11/bin
PATH: /home/jrb/.local/bin
PATH: /usr/local/sbin
PATH: /usr/local/bin
PATH: /usr/sbin
PATH: /usr/bin
PATH: /sbin
PATH: /bin
PATH: /usr/games
PATH: /usr/local/games
PATH: /snap/bin
PATH: /snap/inkscape/7627/bin
PATH: /home/jrb/opthome/ovito-basic-3.2.0-x86_64/bin


## ----------- ##
## Core tests. ##
## ----------- ##

configure:2440: checking for a BSD-compatible install
configure:2508: result: /usr/bin/install -c
configure:2519: checking whether build environment is sane
configure:2574: result: yes
configure:2723: checking for a thread-safe mkdir -p
configure:2762: result: /usr/bin/mkdir -p
configure:2769: checking for gawk
configure:2799: result: no
configure:2769: checking for mawk
configure:2785: found /usr/bin/mawk
configure:2796: result: mawk
configure:2807: checking whether make sets $(MAKE)
configure:2829: result: yes
configure:2858: checking whether make supports nested variables
configure:2875: result: yes
configure:3037: checking build system type
configure:3051: result: x86_64-pc-linux-gnu
configure:3071: checking host system type
configure:3084: result: x86_64-pc-linux-gnu
configure:3125: checking how to print strings
configure:3152: result: printf
configure:3177: checking whether make supports the include directive
configure:3192: make -f confmf.GNU && cat confinc.out
this is the am__doit target
configure:3195: $? = 0
configure:3214: result: yes (GNU style)
configure:3284: checking for gcc
configure:3300: found /usr/bin/gcc
configure:3311: result: gcc
configure:3540: checking for C compiler version
configure:3549: gcc --version >&5
gcc (Ubuntu 9.3.0-17ubuntu1~20.04) 9.3.0
Copyright (C) 2019 Free Software Foundation, Inc.
This is free software; see the source for copying conditions.  There is NO
warranty; not even for MERCHANTABILITY or FITNESS FOR A PARTICULAR PURPOSE.

configure:3560: $? = 0
configure:3549: gcc -v >&5
Using built-in specs.
COLLECT_GCC=gcc
COLLECT_LTO_WRAPPER=/usr/lib/gcc/x86_64-linux-gnu/9/lto-wrapper
OFFLOAD_TARGET_NAMES=nvptx-none:hsa
OFFLOAD_TARGET_DEFAULT=1
Target: x86_64-linux-gnu
Configured with: ../src/configure -v --with-pkgversion='Ubuntu 9.3.0-17ubuntu1~20.04' --with-bugurl=file:///usr/share/doc/gcc-9/README.Bugs --enable-languages=c,ada,c++,go,brig,d,fortran,objc,obj-c++,gm2 --prefix=/usr --with-gcc-major-version-only --program-suffix=-9 --program-prefix=x86_64-linux-gnu- --enable-shared --enable-linker-build-id --libexecdir=/usr/lib --without-included-gettext --enable-threads=posix --libdir=/usr/lib --enable-nls --enable-clocale=gnu --enable-libstdcxx-debug --enable-libstdcxx-time=yes --with-default-libstdcxx-abi=new --enable-gnu-unique-object --disable-vtable-verify --enable-plugin --enable-default-pie --with-system-zlib --with-target-system-zlib=auto --enable-objc-gc=auto --enable-multiarch --disable-werror --with-arch-32=i686 --with-abi=m64 --with-multilib-list=m32,m64,mx32 --enable-multilib --with-tune=generic --enable-offload-targets=nvptx-none=/build/gcc-9-HskZEa/gcc-9-9.3.0/debian/tmp-nvptx/usr,hsa --without-cuda-driver --enable-checking=release --build=x86_64-linux-gnu --host=x86_64-linux-gnu --target=x86_64-linux-gnu
Thread model: posix
gcc version 9.3.0 (Ubuntu 9.3.0-17ubuntu1~20.04) 
configure:3560: $? = 0
configure:3549: gcc -V >&5
gcc: error: unrecognized command line option '-V'
gcc: fatal error: no input files
compilation terminated.
configure:3560: $? = 1
configure:3549: gcc -qversion >&5
gcc: error: unrecognized command line option '-qversion'; did you mean '--version'?
gcc: fatal error: no input files
compilation terminated.
configure:3560: $? = 1
configure:3580: checking whether the C compiler works
configure:3602: gcc    conftest.c  >&5
configure:3606: $? = 0
configure:3654: result: yes
configure:3657: checking for C compiler default output file name
configure:3659: result: a.out
configure:3665: checking for suffix of executables
configure:3672: gcc -o conftest    conftest.c  >&5
configure:3676: $? = 0
configure:3698: result: 
configure:3720: checking whether we are cross compiling
configure:3728: gcc -o conftest    conftest.c  >&5
configure:3732: $? = 0
configure:3739: ./conftest
configure:3743: $? = 0
configure:3731: result: no
configure:3736: checking for suffix of object files
configure:3758: gcc -c   conftest.c >&5
configure:3762: $? = 0
configure:3783: result: o
configure:3787: checking whether we are using the GNU C compiler
configure:3806: gcc -c   conftest.c >&5
configure:3806: $? = 0
configure:3815: result: yes
configure:3824: checking whether gcc accepts -g
configure:3844: gcc -c -g  conftest.c >&5
configure:3844: $? = 0
configure:3885: result: yes
configure:3902: checking for gcc option to accept ISO C89
configure:3965: gcc  -c -g -O2  conftest.c >&5
configure:3965: $? = 0
configure:3978: result: none needed
configure:4003: checking whether gcc understands -c and -o together
configure:4025: gcc -c conftest.c -o conftest2.o
configure:4028: $? = 0
configure:4025: gcc -c conftest.c -o conftest2.o
configure:4028: $? = 0
configure:4040: result: yes
configure:4059: checking dependency style of gcc
configure:4170: result: gcc3
configure:4185: checking for a sed that does not truncate output
configure:4249: result: /usr/bin/sed
configure:4267: checking for grep that handles long lines and -e
configure:4325: result: /usr/bin/grep
configure:4330: checking for egrep
configure:4392: result: /usr/bin/grep -E
configure:4397: checking for fgrep
configure:4459: result: /usr/bin/grep -F
configure:4494: checking for ld used by gcc
configure:4561: result: /usr/bin/ld
configure:4568: checking if the linker (/usr/bin/ld) is GNU ld
configure:4583: result: yes
configure:4595: checking for BSD- or MS-compatible name lister (nm)
configure:4649: result: /usr/bin/nm -B
configure:4779: checking the name lister (/usr/bin/nm -B) interface
configure:4786: gcc -c -g -O2  conftest.c >&5
configure:4789: /usr/bin/nm -B "conftest.o"
configure:4792: output
0000000000000000 B some_variable
configure:4793: result: BSD nm
configure:4796: checking whether ln -s works
configure:4800: result: yes
configure:4808: checking the maximum length of command line arguments
configure:4939: result: 1572864
configure:4987: checking how to convert x86_64-pc-linux-gnu file names to x86_64-pc-linux-gnu format
configure:5027: result: func_convert_file_noop
configure:5034: checking how to convert x86_64-pc-linux-gnu file names to toolchain format
configure:5054: result: func_convert_file_noop
configure:5061: checking for /usr/bin/ld option to reload object files
configure:5068: result: -r
configure:5142: checking for objdump
configure:5158: found /usr/bin/objdump
configure:5169: result: objdump
configure:5201: checking how to recognize dependent libraries
configure:5401: result: pass_all
configure:5486: checking for dlltool
configure:5516: result: no
configure:5546: checking how to associate runtime and link libraries
configure:5573: result: printf %s\n
configure:5634: checking for ar
configure:5650: found /usr/bin/ar
configure:5661: result: ar
configure:5698: checking for archiver @FILE support
configure:5715: gcc -c -g -O2  conftest.c >&5
configure:5715: $? = 0
configure:5718: ar cru libconftest.a @conftest.lst >&5
ar: `u' modifier ignored since `D' is the default (see `U')
configure:5721: $? = 0
configure:5726: ar cru libconftest.a @conftest.lst >&5
ar: `u' modifier ignored since `D' is the default (see `U')
ar: conftest.o: No such file or directory
configure:5729: $? = 1
configure:5728: result: @
configure:5786: checking for strip
configure:5802: found /usr/bin/strip
configure:5813: result: strip
configure:5885: checking for ranlib
configure:5901: found /usr/bin/ranlib
configure:5912: result: ranlib
configure:6014: checking command to parse /usr/bin/nm -B output from gcc object
configure:6167: gcc -c -g -O2  conftest.c >&5
configure:6170: $? = 0
configure:6174: /usr/bin/nm -B conftest.o \| sed -n -e 's/^.*[ ]\([ABCDGIRSTW][ABCDGIRSTW]*\)[ ][ ]*\([_A-Za-z][_A-Za-z0-9]*\)$/\1 \2 \2/p' | sed '/ __gnu_lto/d' \> conftest.nm
configure:6177: $? = 0
configure:6243: gcc -o conftest -g -O2   conftest.c conftstm.o >&5
configure:6246: $? = 0
configure:6284: result: ok
configure:6331: checking for sysroot
configure:6361: result: no
configure:6368: checking for a working dd
configure:6406: result: /usr/bin/dd
configure:6410: checking how to truncate binary pipes
configure:6425: result: /usr/bin/dd bs=4096 count=1
configure:6561: gcc -c -g -O2  conftest.c >&5
configure:6564: $? = 0
configure:6754: checking for mt
configure:6770: found /usr/bin/mt
configure:6781: result: mt
configure:6804: checking if mt is a manifest tool
configure:6810: mt '-?'
configure:6818: result: no
configure:7495: checking how to run the C preprocessor
configure:7526: gcc -E  conftest.c
configure:7526: $? = 0
configure:7540: gcc -E  conftest.c
conftest.c:11:10: fatal error: ac_nonexistent.h: No such file or directory
   11 | #include <ac_nonexistent.h>
      |          ^~~~~~~~~~~~~~~~~~
compilation terminated.
configure:7540: $? = 1
configure: failed program was:
| /* confdefs.h */
| #define PACKAGE_NAME "igor"
| #define PACKAGE_TARNAME "igor"
| #define PACKAGE_VERSION "1.4.0"
| #define PACKAGE_STRING "igor 1.4.0"
| #define PACKAGE_BUGREPORT "quentin.marcou@lpt.ens.fr"
| #define PACKAGE_URL "https://github.com/qmarcou/IGoR"
| #define PACKAGE "igor"
| #define VERSION "1.4.0"
| /* end confdefs.h.  */
| #include <ac_nonexistent.h>
configure:7565: result: gcc -E
configure:7585: gcc -E  conftest.c
configure:7585: $? = 0
configure:7599: gcc -E  conftest.c
conftest.c:11:10: fatal error: ac_nonexistent.h: No such file or directory
   11 | #include <ac_nonexistent.h>
      |          ^~~~~~~~~~~~~~~~~~
compilation terminated.
configure:7599: $? = 1
configure: failed program was:
| /* confdefs.h */
| #define PACKAGE_NAME "igor"
| #define PACKAGE_TARNAME "igor"
| #define PACKAGE_VERSION "1.4.0"
| #define PACKAGE_STRING "igor 1.4.0"
| #define PACKAGE_BUGREPORT "quentin.marcou@lpt.ens.fr"
| #define PACKAGE_URL "https://github.com/qmarcou/IGoR"
| #define PACKAGE "igor"
| #define VERSION "1.4.0"
| /* end confdefs.h.  */
| #include <ac_nonexistent.h>
configure:7628: checking for ANSI C header files
configure:7648: gcc -c -g -O2  conftest.c >&5
configure:7648: $? = 0
configure:7721: gcc -o conftest -g -O2   conftest.c  >&5
configure:7721: $? = 0
configure:7721: ./conftest
configure:7721: $? = 0
configure:7732: result: yes
configure:7745: checking for sys/types.h
configure:7745: gcc -c -g -O2  conftest.c >&5
configure:7745: $? = 0
configure:7745: result: yes
configure:7745: checking for sys/stat.h
configure:7745: gcc -c -g -O2  conftest.c >&5
configure:7745: $? = 0
configure:7745: result: yes
configure:7745: checking for stdlib.h
configure:7745: gcc -c -g -O2  conftest.c >&5
configure:7745: $? = 0
configure:7745: result: yes
configure:7745: checking for string.h
configure:7745: gcc -c -g -O2  conftest.c >&5
configure:7745: $? = 0
configure:7745: result: yes
configure:7745: checking for memory.h
configure:7745: gcc -c -g -O2  conftest.c >&5
configure:7745: $? = 0
configure:7745: result: yes
configure:7745: checking for strings.h
configure:7745: gcc -c -g -O2  conftest.c >&5
configure:7745: $? = 0
configure:7745: result: yes
configure:7745: checking for inttypes.h
configure:7745: gcc -c -g -O2  conftest.c >&5
configure:7745: $? = 0
configure:7745: result: yes
configure:7745: checking for stdint.h
configure:7745: gcc -c -g -O2  conftest.c >&5
configure:7745: $? = 0
configure:7745: result: yes
configure:7745: checking for unistd.h
configure:7745: gcc -c -g -O2  conftest.c >&5
configure:7745: $? = 0
configure:7745: result: yes
configure:7759: checking for dlfcn.h
configure:7759: gcc -c -g -O2  conftest.c >&5
configure:7759: $? = 0
configure:7759: result: yes
configure:8015: checking for objdir
configure:8030: result: .libs
configure:8294: checking if gcc supports -fno-rtti -fno-exceptions
configure:8312: gcc -c -g -O2  -fno-rtti -fno-exceptions conftest.c >&5
cc1: warning: command line option '-fno-rtti' is valid for C++/D/ObjC++ but not for C
configure:8316: $? = 0
configure:8329: result: no
configure:8687: checking for gcc option to produce PIC
configure:8694: result: -fPIC -DPIC
configure:8702: checking if gcc PIC flag -fPIC -DPIC works
configure:8720: gcc -c -g -O2  -fPIC -DPIC -DPIC conftest.c >&5
configure:8724: $? = 0
configure:8737: result: yes
configure:8766: checking if gcc static flag -static works
configure:8794: result: yes
configure:8809: checking if gcc supports -c -o file.o
configure:8830: gcc -c -g -O2  -o out/conftest2.o conftest.c >&5
configure:8834: $? = 0
configure:8856: result: yes
configure:8864: checking if gcc supports -c -o file.o
configure:8911: result: yes
configure:8944: checking whether the gcc linker (/usr/bin/ld -m elf_x86_64) supports shared libraries
configure:10203: result: yes
configure:10240: checking whether -lc should be explicitly linked in
configure:10248: gcc -c -g -O2  conftest.c >&5
configure:10251: $? = 0
configure:10266: gcc -shared  -fPIC -DPIC conftest.o  -v -Wl,-soname -Wl,conftest -o conftest 2\>\&1 \| /usr/bin/grep  -lc  \>/dev/null 2\>\&1
configure:10269: $? = 0
configure:10283: result: no
configure:10443: checking dynamic linker characteristics
configure:11024: gcc -o conftest -g -O2   -Wl,-rpath -Wl,/foo conftest.c  >&5
configure:11024: $? = 0
configure:11261: result: GNU/Linux ld.so
configure:11383: checking how to hardcode library paths into programs
configure:11408: result: immediate
configure:11956: checking whether stripping libraries is possible
configure:11961: result: yes
configure:11996: checking if libtool supports shared libraries
configure:11998: result: yes
configure:12001: checking whether to build shared libraries
configure:12026: result: yes
configure:12029: checking whether to build static libraries
configure:12033: result: yes
configure:8922: checking for g++
configure:8938: found /usr/bin/g++
configure:8949: result: g++
configure:8976: checking for C++ compiler version
configure:8985: g++ --version >&5
g++ (Ubuntu 9.3.0-17ubuntu1~20.04) 9.3.0
Copyright (C) 2019 Free Software Foundation, Inc.
This is free software; see the source for copying conditions.  There is NO
warranty; not even for MERCHANTABILITY or FITNESS FOR A PARTICULAR PURPOSE.

configure:8996: $? = 0
configure:8985: g++ -v >&5
Using built-in specs.
COLLECT_GCC=g++
COLLECT_LTO_WRAPPER=/usr/lib/gcc/x86_64-linux-gnu/9/lto-wrapper
OFFLOAD_TARGET_NAMES=nvptx-none:hsa
OFFLOAD_TARGET_DEFAULT=1
Target: x86_64-linux-gnu
Configured with: ../src/configure -v --with-pkgversion='Ubuntu 9.3.0-17ubuntu1~20.04' --with-bugurl=file:///usr/share/doc/gcc-9/README.Bugs --enable-languages=c,ada,c++,go,brig,d,fortran,objc,obj-c++,gm2 --prefix=/usr --with-gcc-major-version-only --program-suffix=-9 --program-prefix=x86_64-linux-gnu- --enable-shared --enable-linker-build-id --libexecdir=/usr/lib --without-included-gettext --enable-threads=posix --libdir=/usr/lib --enable-nls --enable-clocale=gnu --enable-libstdcxx-debug --enable-libstdcxx-time=yes --with-default-libstdcxx-abi=new --enable-gnu-unique-object --disable-vtable-verify --enable-plugin --enable-default-pie --with-system-zlib --with-target-system-zlib=auto --enable-objc-gc=auto --enable-multiarch --disable-werror --with-arch-32=i686 --with-abi=m64 --with-multilib-list=m32,m64,mx32 --enable-multilib --with-tune=generic --enable-offload-targets=nvptx-none=/build/gcc-9-HskZEa/gcc-9-9.3.0/debian/tmp-nvptx/usr,hsa --without-cuda-driver --enable-checking=release --build=x86_64-linux-gnu --host=x86_64-linux-gnu --target=x86_64-linux-gnu
Thread model: posix
gcc version 9.3.0 (Ubuntu 9.3.0-17ubuntu1~20.04) 
configure:8996: $? = 0
configure:8985: g++ -V >&5
g++: error: unrecognized command line option '-V'
g++: fatal error: no input files
compilation terminated.
configure:8996: $? = 1
configure:8985: g++ -qversion >&5
g++: error: unrecognized command line option '-qversion'; did you mean '--version'?
g++: fatal error: no input files
compilation terminated.
configure:8996: $? = 1
configure:9000: checking whether we are using the GNU C++ compiler
configure:9019: g++ -c   conftest.cpp >&5
configure:9019: $? = 0
configure:9028: result: yes
configure:9037: checking whether g++ accepts -g
configure:9057: g++ -c -g  conftest.cpp >&5
configure:9057: $? = 0
configure:9098: result: yes
configure:9123: checking dependency style of g++
configure:9234: result: gcc3
configure:9267: checking how to run the C++ preprocessor
configure:9294: g++ -E  conftest.cpp
configure:9294: $? = 0
configure:9308: g++ -E  conftest.cpp
conftest.cpp:23:10: fatal error: ac_nonexistent.h: No such file or directory
   23 | #include <ac_nonexistent.h>
      |          ^~~~~~~~~~~~~~~~~~
compilation terminated.
configure:9308: $? = 1
configure: failed program was:
| /* confdefs.h */
| #define PACKAGE_NAME "igor"
| #define PACKAGE_TARNAME "igor"
| #define PACKAGE_VERSION "1.4.0"
| #define PACKAGE_STRING "igor 1.4.0"
| #define PACKAGE_BUGREPORT "quentin.marcou@lpt.ens.fr"
| #define PACKAGE_URL "https://github.com/qmarcou/IGoR"
| #define PACKAGE "igor"
| #define VERSION "1.4.0"
| #define STDC_HEADERS 1
| #define HAVE_SYS_TYPES_H 1
| #define HAVE_SYS_STAT_H 1
| #define HAVE_STDLIB_H 1
| #define HAVE_STRING_H 1
| #define HAVE_MEMORY_H 1
| #define HAVE_STRINGS_H 1
| #define HAVE_INTTYPES_H 1
| #define HAVE_STDINT_H 1
| #define HAVE_UNISTD_H 1
| #define HAVE_DLFCN_H 1
| #define LT_OBJDIR ".libs/"
| /* end confdefs.h.  */
| #include <ac_nonexistent.h>
configure:9333: result: g++ -E
configure:9353: g++ -E  conftest.cpp
configure:9353: $? = 0
configure:9367: g++ -E  conftest.cpp
conftest.cpp:23:10: fatal error: ac_nonexistent.h: No such file or directory
   23 | #include <ac_nonexistent.h>
      |          ^~~~~~~~~~~~~~~~~~
compilation terminated.
configure:9367: $? = 1
configure: failed program was:
| /* confdefs.h */
| #define PACKAGE_NAME "igor"
| #define PACKAGE_TARNAME "igor"
| #define PACKAGE_VERSION "1.4.0"
| #define PACKAGE_STRING "igor 1.4.0"
| #define PACKAGE_BUGREPORT "quentin.marcou@lpt.ens.fr"
| #define PACKAGE_URL "https://github.com/qmarcou/IGoR"
| #define PACKAGE "igor"
| #define VERSION "1.4.0"
| #define STDC_HEADERS 1
| #define HAVE_SYS_TYPES_H 1
| #define HAVE_SYS_STAT_H 1
| #define HAVE_STDLIB_H 1
| #define HAVE_STRING_H 1
| #define HAVE_MEMORY_H 1
| #define HAVE_STRINGS_H 1
| #define HAVE_INTTYPES_H 1
| #define HAVE_STDINT_H 1
| #define HAVE_UNISTD_H 1
| #define HAVE_DLFCN_H 1
| #define LT_OBJDIR ".libs/"
| /* end confdefs.h.  */
| #include <ac_nonexistent.h>
configure:9529: checking for ld used by g++
configure:9596: result: /usr/bin/ld -m elf_x86_64
configure:9603: checking if the linker (/usr/bin/ld -m elf_x86_64) is GNU ld
configure:9618: result: yes
configure:9673: checking whether the g++ linker (/usr/bin/ld -m elf_x86_64) supports shared libraries
configure:10746: result: yes
configure:10782: g++ -c -g -O2  conftest.cpp >&5
configure:10785: $? = 0
configure:11266: checking for g++ option to produce PIC
configure:11273: result: -fPIC -DPIC
configure:11281: checking if g++ PIC flag -fPIC -DPIC works
configure:11299: g++ -c -g -O2  -fPIC -DPIC -DPIC conftest.cpp >&5
configure:11303: $? = 0
configure:11316: result: yes
configure:11339: checking if g++ static flag -static works
configure:11367: result: yes
configure:11379: checking if g++ supports -c -o file.o
configure:11400: g++ -c -g -O2  -o out/conftest2.o conftest.cpp >&5
configure:11404: $? = 0
configure:11426: result: yes
configure:11431: checking if g++ supports -c -o file.o
configure:11478: result: yes
configure:11508: checking whether the g++ linker (/usr/bin/ld -m elf_x86_64) supports shared libraries
configure:11548: result: yes
configure:11689: checking dynamic linker characteristics
configure:12434: result: GNU/Linux ld.so
configure:12499: checking how to hardcode library paths into programs
configure:12524: result: immediate
configure:11458: checking for gcc
configure:11485: result: gcc
configure:11714: checking for C compiler version
configure:11723: gcc --version >&5
gcc (Ubuntu 9.3.0-17ubuntu1~20.04) 9.3.0
Copyright (C) 2019 Free Software Foundation, Inc.
This is free software; see the source for copying conditions.  There is NO
warranty; not even for MERCHANTABILITY or FITNESS FOR A PARTICULAR PURPOSE.

configure:11734: $? = 0
configure:11723: gcc -v >&5
Using built-in specs.
COLLECT_GCC=gcc
COLLECT_LTO_WRAPPER=/usr/lib/gcc/x86_64-linux-gnu/9/lto-wrapper
OFFLOAD_TARGET_NAMES=nvptx-none:hsa
OFFLOAD_TARGET_DEFAULT=1
Target: x86_64-linux-gnu
Configured with: ../src/configure -v --with-pkgversion='Ubuntu 9.3.0-17ubuntu1~20.04' --with-bugurl=file:///usr/share/doc/gcc-9/README.Bugs --enable-languages=c,ada,c++,go,brig,d,fortran,objc,obj-c++,gm2 --prefix=/usr --with-gcc-major-version-only --program-suffix=-9 --program-prefix=x86_64-linux-gnu- --enable-shared --enable-linker-build-id --libexecdir=/usr/lib --without-included-gettext --enable-threads=posix --libdir=/usr/lib --enable-nls --enable-clocale=gnu --enable-libstdcxx-debug --enable-libstdcxx-time=yes --with-default-libstdcxx-abi=new --enable-gnu-unique-object --disable-vtable-verify --enable-plugin --enable-default-pie --with-system-zlib --with-target-system-zlib=auto --enable-objc-gc=auto --enable-multiarch --disable-werror --with-arch-32=i686 --with-abi=m64 --with-multilib-list=m32,m64,mx32 --enable-multilib --with-tune=generic --enable-offload-targets=nvptx-none=/build/gcc-9-HskZEa/gcc-9-9.3.0/debian/tmp-nvptx/usr,hsa --without-cuda-driver --enable-checking=release --build=x86_64-linux-gnu --host=x86_64-linux-gnu --target=x86_64-linux-gnu
Thread model: posix
gcc version 9.3.0 (Ubuntu 9.3.0-17ubuntu1~20.04) 
configure:11734: $? = 0
configure:11723: gcc -V >&5
gcc: error: unrecognized command line option '-V'
gcc: fatal error: no input files
compilation terminated.
configure:11734: $? = 1
configure:11723: gcc -qversion >&5
gcc: error: unrecognized command line option '-qversion'; did you mean '--version'?
gcc: fatal error: no input files
compilation terminated.
configure:11734: $? = 1
configure:11738: checking whether we are using the GNU C compiler
configure:11766: result: yes
configure:11775: checking whether gcc accepts -g
configure:11836: result: yes
configure:11853: checking for gcc option to accept ISO C89
configure:11929: result: none needed
configure:11954: checking whether gcc understands -c and -o together
configure:11991: result: yes
configure:12010: checking dependency style of gcc
configure:12121: result: gcc3
configure:12151: checking whether g++ supports C++11 features by default
configure:12445: g++ -c -g -O2  conftest.cpp >&5
configure:12445: $? = 0
configure:12452: result: yes
configure:13137: checking for g++ option to support OpenMP
configure:13152: g++ -o conftest -g -O2   conftest.cpp  >&5
conftest.cpp:26:2: error: 'choke' does not name a type
   26 |  choke me
      |  ^~~~~
In file included from conftest.cpp:28:
/usr/lib/gcc/x86_64-linux-gnu/9/include/omp.h:39:3: error: 'omp_lock_t' does not name a type
   39 | } omp_lock_t;
      |   ^~~~~~~~~~
/usr/lib/gcc/x86_64-linux-gnu/9/include/omp.h:125:28: error: variable or field 'omp_init_lock' declared void
  125 | extern void omp_init_lock (omp_lock_t *) __GOMP_NOTHROW;
      |                            ^~~~~~~~~~
/usr/lib/gcc/x86_64-linux-gnu/9/include/omp.h:125:28: error: 'omp_lock_t' was not declared in this scope; did you mean 'omp_lock_hint_t'?
  125 | extern void omp_init_lock (omp_lock_t *) __GOMP_NOTHROW;
      |                            ^~~~~~~~~~
      |                            omp_lock_hint_t
/usr/lib/gcc/x86_64-linux-gnu/9/include/omp.h:125:40: error: expected primary-expression before ')' token
  125 | extern void omp_init_lock (omp_lock_t *) __GOMP_NOTHROW;
      |                                        ^
/usr/lib/gcc/x86_64-linux-gnu/9/include/omp.h:126:38: error: variable or field 'omp_init_lock_with_hint' declared void
  126 | extern void omp_init_lock_with_hint (omp_lock_t *, omp_sync_hint_t)
      |                                      ^~~~~~~~~~
/usr/lib/gcc/x86_64-linux-gnu/9/include/omp.h:126:38: error: 'omp_lock_t' was not declared in this scope; did you mean 'omp_lock_hint_t'?
  126 | extern void omp_init_lock_with_hint (omp_lock_t *, omp_sync_hint_t)
      |                                      ^~~~~~~~~~
      |                                      omp_lock_hint_t
/usr/lib/gcc/x86_64-linux-gnu/9/include/omp.h:126:50: error: expected primary-expression before ',' token
  126 | extern void omp_init_lock_with_hint (omp_lock_t *, omp_sync_hint_t)
      |                                                  ^
/usr/lib/gcc/x86_64-linux-gnu/9/include/omp.h:126:67: error: expected primary-expression before ')' token
  126 | extern void omp_init_lock_with_hint (omp_lock_t *, omp_sync_hint_t)
      |                                                                   ^
/usr/lib/gcc/x86_64-linux-gnu/9/include/omp.h:128:31: error: variable or field 'omp_destroy_lock' declared void
  128 | extern void omp_destroy_lock (omp_lock_t *) __GOMP_NOTHROW;
      |                               ^~~~~~~~~~
/usr/lib/gcc/x86_64-linux-gnu/9/include/omp.h:128:31: error: 'omp_lock_t' was not declared in this scope; did you mean 'omp_lock_hint_t'?
  128 | extern void omp_destroy_lock (omp_lock_t *) __GOMP_NOTHROW;
      |                               ^~~~~~~~~~
      |                               omp_lock_hint_t
/usr/lib/gcc/x86_64-linux-gnu/9/include/omp.h:128:43: error: expected primary-expression before ')' token
  128 | extern void omp_destroy_lock (omp_lock_t *) __GOMP_NOTHROW;
      |                                           ^
/usr/lib/gcc/x86_64-linux-gnu/9/include/omp.h:129:27: error: variable or field 'omp_set_lock' declared void
  129 | extern void omp_set_lock (omp_lock_t *) __GOMP_NOTHROW;
      |                           ^~~~~~~~~~
/usr/lib/gcc/x86_64-linux-gnu/9/include/omp.h:129:27: error: 'omp_lock_t' was not declared in this scope; did you mean 'omp_lock_hint_t'?
  129 | extern void omp_set_lock (omp_lock_t *) __GOMP_NOTHROW;
      |                           ^~~~~~~~~~
      |                           omp_lock_hint_t
/usr/lib/gcc/x86_64-linux-gnu/9/include/omp.h:129:39: error: expected primary-expression before ')' token
  129 | extern void omp_set_lock (omp_lock_t *) __GOMP_NOTHROW;
      |                                       ^
/usr/lib/gcc/x86_64-linux-gnu/9/include/omp.h:130:29: error: variable or field 'omp_unset_lock' declared void
  130 | extern void omp_unset_lock (omp_lock_t *) __GOMP_NOTHROW;
      |                             ^~~~~~~~~~
/usr/lib/gcc/x86_64-linux-gnu/9/include/omp.h:130:29: error: 'omp_lock_t' was not declared in this scope; did you mean 'omp_lock_hint_t'?
  130 | extern void omp_unset_lock (omp_lock_t *) __GOMP_NOTHROW;
      |                             ^~~~~~~~~~
      |                             omp_lock_hint_t
/usr/lib/gcc/x86_64-linux-gnu/9/include/omp.h:130:41: error: expected primary-expression before ')' token
  130 | extern void omp_unset_lock (omp_lock_t *) __GOMP_NOTHROW;
      |                                         ^
/usr/lib/gcc/x86_64-linux-gnu/9/include/omp.h:131:27: error: 'omp_lock_t' was not declared in this scope; did you mean 'omp_lock_hint_t'?
  131 | extern int omp_test_lock (omp_lock_t *) __GOMP_NOTHROW;
      |                           ^~~~~~~~~~
      |                           omp_lock_hint_t
/usr/lib/gcc/x86_64-linux-gnu/9/include/omp.h:131:39: error: expected primary-expression before ')' token
  131 | extern int omp_test_lock (omp_lock_t *) __GOMP_NOTHROW;
      |                                       ^
configure:13152: $? = 1
configure: failed program was:
| /* confdefs.h */
| #define PACKAGE_NAME "igor"
| #define PACKAGE_TARNAME "igor"
| #define PACKAGE_VERSION "1.4.0"
| #define PACKAGE_STRING "igor 1.4.0"
| #define PACKAGE_BUGREPORT "quentin.marcou@lpt.ens.fr"
| #define PACKAGE_URL "https://github.com/qmarcou/IGoR"
| #define PACKAGE "igor"
| #define VERSION "1.4.0"
| #define STDC_HEADERS 1
| #define HAVE_SYS_TYPES_H 1
| #define HAVE_SYS_STAT_H 1
| #define HAVE_STDLIB_H 1
| #define HAVE_STRING_H 1
| #define HAVE_MEMORY_H 1
| #define HAVE_STRINGS_H 1
| #define HAVE_INTTYPES_H 1
| #define HAVE_STDINT_H 1
| #define HAVE_UNISTD_H 1
| #define HAVE_DLFCN_H 1
| #define LT_OBJDIR ".libs/"
| #define HAVE_CXX11 1
| /* end confdefs.h.  */
| 
| #ifndef _OPENMP
|  choke me
| #endif
| #include <omp.h>
| int main () { return omp_get_num_threads (); }
| 
configure:13170: g++ -o conftest -g -O2 -fopenmp   conftest.cpp  >&5
configure:13170: $? = 0
configure:13184: result: -fopenmp
configure:13202: checking for stdbool.h that conforms to C99
configure:13269: g++ -c -g -O2  conftest.cpp >&5
conftest.cpp:27:15: error: expected unqualified-id before string constant
   27 |               "error: bool is not defined"
      |               ^~~~~~~~~~~~~~~~~~~~~~~~~~~~
conftest.cpp:45:48: error: 's' does not name a type
   45 |              struct s { _Bool s: 1; _Bool t; } s;
      |                                                ^
conftest.cpp:55:28: error: 's' was not declared in this scope
   55 |              char i[sizeof s.t];
      |                            ^
conftest.cpp: In function 'int main()':
conftest.cpp:73:24: error: 's' was not declared in this scope
   73 |              bool e = &s;
      |                        ^
conftest.cpp:77:63: error: 'i' was not declared in this scope
   77 |              return (!a + !b + !c + !d + !e + !f + !g + !h + !i + !!j + !k + !!l
      |                                                               ^
configure:13269: $? = 1
configure: failed program was:
| /* confdefs.h */
| #define PACKAGE_NAME "igor"
| #define PACKAGE_TARNAME "igor"
| #define PACKAGE_VERSION "1.4.0"
| #define PACKAGE_STRING "igor 1.4.0"
| #define PACKAGE_BUGREPORT "quentin.marcou@lpt.ens.fr"
| #define PACKAGE_URL "https://github.com/qmarcou/IGoR"
| #define PACKAGE "igor"
| #define VERSION "1.4.0"
| #define STDC_HEADERS 1
| #define HAVE_SYS_TYPES_H 1
| #define HAVE_SYS_STAT_H 1
| #define HAVE_STDLIB_H 1
| #define HAVE_STRING_H 1
| #define HAVE_MEMORY_H 1
| #define HAVE_STRINGS_H 1
| #define HAVE_INTTYPES_H 1
| #define HAVE_STDINT_H 1
| #define HAVE_UNISTD_H 1
| #define HAVE_DLFCN_H 1
| #define LT_OBJDIR ".libs/"
| #define HAVE_CXX11 1
| /* end confdefs.h.  */
| 
|              #include <stdbool.h>
|              #ifndef bool
|               "error: bool is not defined"
|              #endif
|              #ifndef false
|               "error: false is not defined"
|              #endif
|              #if false
|               "error: false is not 0"
|              #endif
|              #ifndef true
|               "error: true is not defined"
|              #endif
|              #if true != 1
|               "error: true is not 1"
|              #endif
|              #ifndef __bool_true_false_are_defined
|               "error: __bool_true_false_are_defined is not defined"
|              #endif
| 
|              struct s { _Bool s: 1; _Bool t; } s;
| 
|              char a[true == 1 ? 1 : -1];
|              char b[false == 0 ? 1 : -1];
|              char c[__bool_true_false_are_defined == 1 ? 1 : -1];
|              char d[(bool) 0.5 == true ? 1 : -1];
|              /* See body of main program for 'e'.  */
|              char f[(_Bool) 0.0 == false ? 1 : -1];
|              char g[true];
|              char h[sizeof (_Bool)];
|              char i[sizeof s.t];
|              enum { j = false, k = true, l = false * true, m = true * 256 };
|              /* The following fails for
|                 HP aC++/ANSI C B3910B A.05.55 [Dec 04 2003]. */
|              _Bool n[m];
|              char o[sizeof n == m * sizeof n[0] ? 1 : -1];
|              char p[-1 - (_Bool) 0 < 0 && -1 - (bool) 0 < 0 ? 1 : -1];
|              /* Catch a bug in an HP-UX C compiler.  See
|                 http://gcc.gnu.org/ml/gcc-patches/2003-12/msg02303.html
|                 http://lists.gnu.org/archive/html/bug-coreutils/2005-11/msg00161.html
|               */
|              _Bool q = true;
|              _Bool *pq = &q;
| 
| int
| main ()
| {
| 
|              bool e = &s;
|              *pq |= q;
|              *pq |= ! q;
|              /* Refer to every declared value, to avoid compiler optimizations.  */
|              return (!a + !b + !c + !d + !e + !f + !g + !h + !i + !!j + !k + !!l
|                      + !m + !n + !o + !p + !q + !pq);
| 
|   ;
|   return 0;
| }
configure:13276: result: no
configure:13278: checking for _Bool
configure:13278: g++ -c -g -O2  conftest.cpp >&5
conftest.cpp: In function 'int main()':
conftest.cpp:60:13: error: '_Bool' was not declared in this scope
   60 | if (sizeof (_Bool))
      |             ^~~~~
configure:13278: $? = 1
configure: failed program was:
| /* confdefs.h */
| #define PACKAGE_NAME "igor"
| #define PACKAGE_TARNAME "igor"
| #define PACKAGE_VERSION "1.4.0"
| #define PACKAGE_STRING "igor 1.4.0"
| #define PACKAGE_BUGREPORT "quentin.marcou@lpt.ens.fr"
| #define PACKAGE_URL "https://github.com/qmarcou/IGoR"
| #define PACKAGE "igor"
| #define VERSION "1.4.0"
| #define STDC_HEADERS 1
| #define HAVE_SYS_TYPES_H 1
| #define HAVE_SYS_STAT_H 1
| #define HAVE_STDLIB_H 1
| #define HAVE_STRING_H 1
| #define HAVE_MEMORY_H 1
| #define HAVE_STRINGS_H 1
| #define HAVE_INTTYPES_H 1
| #define HAVE_STDINT_H 1
| #define HAVE_UNISTD_H 1
| #define HAVE_DLFCN_H 1
| #define LT_OBJDIR ".libs/"
| #define HAVE_CXX11 1
| /* end confdefs.h.  */
| #include <stdio.h>
| #ifdef HAVE_SYS_TYPES_H
| # include <sys/types.h>
| #endif
| #ifdef HAVE_SYS_STAT_H
| # include <sys/stat.h>
| #endif
| #ifdef STDC_HEADERS
| # include <stdlib.h>
| # include <stddef.h>
| #else
| # ifdef HAVE_STDLIB_H
| #  include <stdlib.h>
| # endif
| #endif
| #ifdef HAVE_STRING_H
| # if !defined STDC_HEADERS && defined HAVE_MEMORY_H
| #  include <memory.h>
| # endif
| # include <string.h>
| #endif
| #ifdef HAVE_STRINGS_H
| # include <strings.h>
| #endif
| #ifdef HAVE_INTTYPES_H
| # include <inttypes.h>
| #endif
| #ifdef HAVE_STDINT_H
| # include <stdint.h>
| #endif
| #ifdef HAVE_UNISTD_H
| # include <unistd.h>
| #endif
| int
| main ()
| {
| if (sizeof (_Bool))
| 	 return 0;
|   ;
|   return 0;
| }
configure:13278: result: no
configure:13289: checking for inline
configure:13305: g++ -c -g -O2  conftest.cpp >&5
configure:13305: $? = 0
configure:13313: result: inline
configure:13331: checking for size_t
configure:13331: g++ -c -g -O2  conftest.cpp >&5
configure:13331: $? = 0
configure:13331: g++ -c -g -O2  conftest.cpp >&5
conftest.cpp: In function 'int main()':
conftest.cpp:60:20: error: expected primary-expression before ')' token
   60 | if (sizeof ((size_t)))
      |                    ^
configure:13331: $? = 1
configure: failed program was:
| /* confdefs.h */
| #define PACKAGE_NAME "igor"
| #define PACKAGE_TARNAME "igor"
| #define PACKAGE_VERSION "1.4.0"
| #define PACKAGE_STRING "igor 1.4.0"
| #define PACKAGE_BUGREPORT "quentin.marcou@lpt.ens.fr"
| #define PACKAGE_URL "https://github.com/qmarcou/IGoR"
| #define PACKAGE "igor"
| #define VERSION "1.4.0"
| #define STDC_HEADERS 1
| #define HAVE_SYS_TYPES_H 1
| #define HAVE_SYS_STAT_H 1
| #define HAVE_STDLIB_H 1
| #define HAVE_STRING_H 1
| #define HAVE_MEMORY_H 1
| #define HAVE_STRINGS_H 1
| #define HAVE_INTTYPES_H 1
| #define HAVE_STDINT_H 1
| #define HAVE_UNISTD_H 1
| #define HAVE_DLFCN_H 1
| #define LT_OBJDIR ".libs/"
| #define HAVE_CXX11 1
| /* end confdefs.h.  */
| #include <stdio.h>
| #ifdef HAVE_SYS_TYPES_H
| # include <sys/types.h>
| #endif
| #ifdef HAVE_SYS_STAT_H
| # include <sys/stat.h>
| #endif
| #ifdef STDC_HEADERS
| # include <stdlib.h>
| # include <stddef.h>
| #else
| # ifdef HAVE_STDLIB_H
| #  include <stdlib.h>
| # endif
| #endif
| #ifdef HAVE_STRING_H
| # if !defined STDC_HEADERS && defined HAVE_MEMORY_H
| #  include <memory.h>
| # endif
| # include <string.h>
| #endif
| #ifdef HAVE_STRINGS_H
| # include <strings.h>
| #endif
| #ifdef HAVE_INTTYPES_H
| # include <inttypes.h>
| #endif
| #ifdef HAVE_STDINT_H
| # include <stdint.h>
| #endif
| #ifdef HAVE_UNISTD_H
| # include <unistd.h>
| #endif
| int
| main ()
| {
| if (sizeof ((size_t)))
| 	    return 0;
|   ;
|   return 0;
| }
configure:13331: result: yes
configure:13347: checking for pow
configure:13347: g++ -o conftest -g -O2   conftest.cpp  >&5
conftest.cpp:47:6: warning: declaration of 'char pow()' conflicts with built-in declaration 'double pow(double, double)' [-Wbuiltin-declaration-mismatch]
   47 | char pow ();
      |      ^~~
configure:13347: $? = 0
configure:13347: result: yes
configure:13347: checking for sqrt
configure:13347: g++ -o conftest -g -O2   conftest.cpp  >&5
conftest.cpp:48:6: warning: declaration of 'char sqrt()' conflicts with built-in declaration 'double sqrt(double)' [-Wbuiltin-declaration-mismatch]
   48 | char sqrt ();
      |      ^~~~
configure:13347: $? = 0
configure:13347: result: yes
configure:13464: checking that generated files are newer than configure
configure:13470: result: done
configure:13501: creating ./config.status

## ---------------------- ##
## Running config.status. ##
## ---------------------- ##

This file was extended by igor config.status 1.4.0, which was
generated by GNU Autoconf 2.69.  Invocation command line was

  CONFIG_FILES    = 
  CONFIG_HEADERS  = 
  CONFIG_LINKS    = 
  CONFIG_COMMANDS = 
  $ ./config.status 

on jrb-X570-ubu2004

config.status:1152: creating Makefile
config.status:1152: creating igor_src/Makefile
config.status:1152: creating libs/Makefile
config.status:1152: creating config.h
config.status:1381: executing depfiles commands
config.status:1458: cd igor_src       && sed -e '/# am--include-marker/d' Makefile         | make -f - am--depfiles
config.status:1463: $? = 0
config.status:1381: executing libtool commands
configure:15979: === configuring in libs/gsl_sub (/home/jrb/enpicom-local/code/IGoR/libs/gsl_sub)
configure:16042: running /bin/bash ./configure --disable-option-checking '--prefix=/usr/local'  --cache-file=/dev/null --srcdir=.
configure:15979: === configuring in libs/jemalloc (/home/jrb/enpicom-local/code/IGoR/libs/jemalloc)
configure:16042: running /bin/bash ./configure --disable-option-checking '--prefix=/usr/local'  --cache-file=/dev/null --srcdir=.
configure:15979: === configuring in igor_src (/home/jrb/enpicom-local/code/IGoR/igor_src)
configure:16028: WARNING: no configuration information is in igor_src

## ---------------- ##
## Cache variables. ##
## ---------------- ##

ac_cv_build=x86_64-pc-linux-gnu
ac_cv_c_compiler_gnu=yes
ac_cv_c_inline=inline
ac_cv_cxx_compiler_gnu=yes
ac_cv_env_CCC_set=
ac_cv_env_CCC_value=
ac_cv_env_CC_set=
ac_cv_env_CC_value=
ac_cv_env_CFLAGS_set=
ac_cv_env_CFLAGS_value=
ac_cv_env_CPPFLAGS_set=
ac_cv_env_CPPFLAGS_value=
ac_cv_env_CPP_set=
ac_cv_env_CPP_value=
ac_cv_env_CXXCPP_set=
ac_cv_env_CXXCPP_value=
ac_cv_env_CXXFLAGS_set=
ac_cv_env_CXXFLAGS_value=
ac_cv_env_CXX_set=
ac_cv_env_CXX_value=
ac_cv_env_LDFLAGS_set=
ac_cv_env_LDFLAGS_value=
ac_cv_env_LIBS_set=
ac_cv_env_LIBS_value=
ac_cv_env_LT_SYS_LIBRARY_PATH_set=
ac_cv_env_LT_SYS_LIBRARY_PATH_value=
ac_cv_env_build_alias_set=
ac_cv_env_build_alias_value=
ac_cv_env_host_alias_set=
ac_cv_env_host_alias_value=
ac_cv_env_target_alias_set=
ac_cv_env_target_alias_value=
ac_cv_func_pow=yes
ac_cv_func_sqrt=yes
ac_cv_header_dlfcn_h=yes
ac_cv_header_inttypes_h=yes
ac_cv_header_memory_h=yes
ac_cv_header_stdbool_h=no
ac_cv_header_stdc=yes
ac_cv_header_stdint_h=yes
ac_cv_header_stdlib_h=yes
ac_cv_header_string_h=yes
ac_cv_header_strings_h=yes
ac_cv_header_sys_stat_h=yes
ac_cv_header_sys_types_h=yes
ac_cv_header_unistd_h=yes
ac_cv_host=x86_64-pc-linux-gnu
ac_cv_objext=o
ac_cv_path_EGREP='/usr/bin/grep -E'
ac_cv_path_FGREP='/usr/bin/grep -F'
ac_cv_path_GREP=/usr/bin/grep
ac_cv_path_SED=/usr/bin/sed
ac_cv_path_install='/usr/bin/install -c'
ac_cv_path_lt_DD=/usr/bin/dd
ac_cv_path_mkdir=/usr/bin/mkdir
ac_cv_prog_AWK=mawk
ac_cv_prog_CPP='gcc -E'
ac_cv_prog_CXXCPP='g++ -E'
ac_cv_prog_ac_ct_AR=ar
ac_cv_prog_ac_ct_CC=gcc
ac_cv_prog_ac_ct_CXX=g++
ac_cv_prog_ac_ct_MANIFEST_TOOL=mt
ac_cv_prog_ac_ct_OBJDUMP=objdump
ac_cv_prog_ac_ct_RANLIB=ranlib
ac_cv_prog_ac_ct_STRIP=strip
ac_cv_prog_cc_c89=
ac_cv_prog_cc_g=yes
ac_cv_prog_cxx_g=yes
ac_cv_prog_cxx_openmp=-fopenmp
ac_cv_prog_make_make_set=yes
ac_cv_type__Bool=no
ac_cv_type_size_t=yes
am_cv_CC_dependencies_compiler_type=gcc3
am_cv_CXX_dependencies_compiler_type=gcc3
am_cv_make_support_nested_variables=yes
am_cv_prog_cc_c_o=yes
ax_cv_cxx_compile_cxx11=yes
lt_cv_ar_at_file=@
lt_cv_archive_cmds_need_lc=no
lt_cv_deplibs_check_method=pass_all
lt_cv_file_magic_cmd='$MAGIC_CMD'
lt_cv_file_magic_test_file=
lt_cv_ld_reload_flag=-r
lt_cv_nm_interface='BSD nm'
lt_cv_objdir=.libs
lt_cv_path_LD=/usr/bin/ld
lt_cv_path_LDCXX='/usr/bin/ld -m elf_x86_64'
lt_cv_path_NM='/usr/bin/nm -B'
lt_cv_path_mainfest_tool=no
lt_cv_prog_compiler_c_o=yes
lt_cv_prog_compiler_c_o_CXX=yes
lt_cv_prog_compiler_pic='-fPIC -DPIC'
lt_cv_prog_compiler_pic_CXX='-fPIC -DPIC'
lt_cv_prog_compiler_pic_works=yes
lt_cv_prog_compiler_pic_works_CXX=yes
lt_cv_prog_compiler_rtti_exceptions=no
lt_cv_prog_compiler_static_works=yes
lt_cv_prog_compiler_static_works_CXX=yes
lt_cv_prog_gnu_ld=yes
lt_cv_prog_gnu_ldcxx=yes
lt_cv_sharedlib_from_linklib_cmd='printf %s\n'
lt_cv_shlibpath_overrides_runpath=yes
lt_cv_sys_global_symbol_pipe='sed -n -e '\''s/^.*[	 ]\([ABCDGIRSTW][ABCDGIRSTW]*\)[	 ][	 ]*\([_A-Za-z][_A-Za-z0-9]*\)$/\1 \2 \2/p'\'' | sed '\''/ __gnu_lto/d'\'''
lt_cv_sys_global_symbol_to_c_name_address='sed -n -e '\''s/^: \(.*\) .*$/  {"\1", (void *) 0},/p'\'' -e '\''s/^[ABCDGIRSTW][ABCDGIRSTW]* .* \(.*\)$/  {"\1", (void *) \&\1},/p'\'''
lt_cv_sys_global_symbol_to_c_name_address_lib_prefix='sed -n -e '\''s/^: \(.*\) .*$/  {"\1", (void *) 0},/p'\'' -e '\''s/^[ABCDGIRSTW][ABCDGIRSTW]* .* \(lib.*\)$/  {"\1", (void *) \&\1},/p'\'' -e '\''s/^[ABCDGIRSTW][ABCDGIRSTW]* .* \(.*\)$/  {"lib\1", (void *) \&\1},/p'\'''
lt_cv_sys_global_symbol_to_cdecl='sed -n -e '\''s/^T .* \(.*\)$/extern int \1();/p'\'' -e '\''s/^[ABCDGIRSTW][ABCDGIRSTW]* .* \(.*\)$/extern char \1;/p'\'''
lt_cv_sys_global_symbol_to_import=
lt_cv_sys_max_cmd_len=1572864
lt_cv_to_host_file_cmd=func_convert_file_noop
lt_cv_to_tool_file_cmd=func_convert_file_noop
lt_cv_truncate_bin='/usr/bin/dd bs=4096 count=1'

## ----------------- ##
## Output variables. ##
## ----------------- ##

ACLOCAL='${SHELL} /home/jrb/enpicom-local/code/IGoR/missing aclocal-1.16'
AMDEPBACKSLASH='\'
AMDEP_FALSE='#'
AMDEP_TRUE=''
AMTAR='$${TAR-tar}'
AM_BACKSLASH='\'
AM_DEFAULT_V='$(AM_DEFAULT_VERBOSITY)'
AM_DEFAULT_VERBOSITY='1'
AM_V='$(V)'
AR='ar'
AUTOCONF='${SHELL} /home/jrb/enpicom-local/code/IGoR/missing autoconf'
AUTOHEADER='${SHELL} /home/jrb/enpicom-local/code/IGoR/missing autoheader'
AUTOMAKE='${SHELL} /home/jrb/enpicom-local/code/IGoR/missing automake-1.16'
AWK='mawk'
CC='gcc'
CCDEPMODE='depmode=gcc3'
CFLAGS='-g -O2'
CPP='gcc -E'
CPPFLAGS=''
CXX='g++'
CXXCPP='g++ -E'
CXXDEPMODE='depmode=gcc3'
CXXFLAGS='-g -O2'
CYGPATH_W='echo'
DEFS='-DHAVE_CONFIG_H'
DEPDIR='.deps'
DLLTOOL='false'
DSYMUTIL=''
DUMPBIN=''
ECHO_C=''
ECHO_N='-n'
ECHO_T=''
EGREP='/usr/bin/grep -E'
EXEEXT=''
FGREP='/usr/bin/grep -F'
GREP='/usr/bin/grep'
HAVE_CXX11='1'
INSTALL_DATA='${INSTALL} -m 644'
INSTALL_PROGRAM='${INSTALL}'
INSTALL_SCRIPT='${INSTALL}'
INSTALL_STRIP_PROGRAM='$(install_sh) -c -s'
LD='/usr/bin/ld -m elf_x86_64'
LDFLAGS=''
LIBOBJS=''
LIBS=''
LIBTOOL='$(SHELL) $(top_builddir)/libtool'
LIPO=''
LN_S='ln -s'
LTLIBOBJS=''
LT_SYS_LIBRARY_PATH=''
MAKEINFO='${SHELL} /home/jrb/enpicom-local/code/IGoR/missing makeinfo'
MANIFEST_TOOL=':'
MKDIR_P='/usr/bin/mkdir -p'
NM='/usr/bin/nm -B'
NMEDIT=''
OBJDUMP='objdump'
OBJEXT='o'
OPENMP_CXXFLAGS='-fopenmp'
OTOOL64=''
OTOOL=''
PACKAGE='igor'
PACKAGE_BUGREPORT='quentin.marcou@lpt.ens.fr'
PACKAGE_NAME='igor'
PACKAGE_STRING='igor 1.4.0'
PACKAGE_TARNAME='igor'
PACKAGE_URL='https://github.com/qmarcou/IGoR'
PACKAGE_VERSION='1.4.0'
PATH_SEPARATOR=':'
RANLIB='ranlib'
SED='/usr/bin/sed'
SET_MAKE=''
SHELL='/bin/bash'
STRIP='strip'
VERSION='1.4.0'
ac_ct_AR='ar'
ac_ct_CC='gcc'
ac_ct_CXX='g++'
ac_ct_DUMPBIN=''
am__EXEEXT_FALSE=''
am__EXEEXT_TRUE='#'
am__fastdepCC_FALSE='#'
am__fastdepCC_TRUE=''
am__fastdepCXX_FALSE='#'
am__fastdepCXX_TRUE=''
am__include='include'
am__isrc=''
am__leading_dot='.'
am__nodep='_no'
am__quote=''
am__tar='$${TAR-tar} chof - "$$tardir"'
am__untar='$${TAR-tar} xf -'
bindir='${exec_prefix}/bin'
build='x86_64-pc-linux-gnu'
build_alias=''
build_cpu='x86_64'
build_os='linux-gnu'
build_vendor='pc'
datadir='${datarootdir}'
datarootdir='${prefix}/share'
docdir='${datarootdir}/doc/${PACKAGE_TARNAME}'
dvidir='${docdir}'
exec_prefix='${prefix}'
host='x86_64-pc-linux-gnu'
host_alias=''
host_cpu='x86_64'
host_os='linux-gnu'
host_vendor='pc'
htmldir='${docdir}'
includedir='${prefix}/include'
infodir='${datarootdir}/info'
install_sh='${SHELL} /home/jrb/enpicom-local/code/IGoR/install-sh'
libdir='${exec_prefix}/lib'
libexecdir='${exec_prefix}/libexec'
localedir='${datarootdir}/locale'
localstatedir='${prefix}/var'
mandir='${datarootdir}/man'
mkdir_p='$(MKDIR_P)'
oldincludedir='/usr/include'
pdfdir='${docdir}'
prefix='/usr/local'
program_transform_name='s,x,x,'
psdir='${docdir}'
runstatedir='${localstatedir}/run'
sbindir='${exec_prefix}/sbin'
sharedstatedir='${prefix}/com'
subdirs=' libs/gsl_sub libs/jemalloc igor_src'
sysconfdir='${prefix}/etc'
target_alias=''

## ----------- ##
## confdefs.h. ##
## ----------- ##

/* confdefs.h */
#define PACKAGE_NAME "igor"
#define PACKAGE_TARNAME "igor"
#define PACKAGE_VERSION "1.4.0"
#define PACKAGE_STRING "igor 1.4.0"
#define PACKAGE_BUGREPORT "quentin.marcou@lpt.ens.fr"
#define PACKAGE_URL "https://github.com/qmarcou/IGoR"
#define PACKAGE "igor"
#define VERSION "1.4.0"
#define STDC_HEADERS 1
#define HAVE_SYS_TYPES_H 1
#define HAVE_SYS_STAT_H 1
#define HAVE_STDLIB_H 1
#define HAVE_STRING_H 1
#define HAVE_MEMORY_H 1
#define HAVE_STRINGS_H 1
#define HAVE_INTTYPES_H 1
#define HAVE_STDINT_H 1
#define HAVE_UNISTD_H 1
#define HAVE_DLFCN_H 1
#define LT_OBJDIR ".libs/"
#define HAVE_CXX11 1
#define HAVE_POW 1
#define HAVE_SQRT 1

configure: exit 0
