This file contains any messages produced by compilers while
running configure, to aid debugging if configure makes a mistake.

It was created by gsl configure 2.3, which was
generated by GNU Autoconf 2.69.  Invocation command line was

  $ ./configure --disable-option-checking --prefix=/usr/local --cache-file=/dev/null --srcdir=.

## --------- ##
## Platform. ##
## --------- ##

hostname = jrb-X570-ubu2004
uname -m = x86_64
uname -r = 5.4.0-56-generic
uname -s = Linux
uname -v = #62-Ubuntu SMP Mon Nov 23 19:20:19 UTC 2020

/usr/bin/uname -p = x86_64
/bin/uname -X     = unknown

/bin/arch              = x86_64
/usr/bin/arch -k       = unknown
/usr/convex/getsysinfo = unknown
/usr/bin/hostinfo      = unknown
/bin/machine           = unknown
/usr/bin/oslevel       = unknown
/bin/universe          = unknown

PATH: /home/jrb/.pyenv/plugins/pyenv-virtualenv/shims
PATH: /home/jrb/.pyenv/shims
PATH: /home/jrb/.pyenv/bin
PATH: /mnt/MP510/fswap/miniconda3/condabin
PATH: /usr/local/texlive/2020/bin/x86_64-linux
PATH: /home/jrb/opthome/PEAR_0_9_11/bin
PATH: /home/jrb/.local/bin
PATH: /usr/local/sbin
PATH: /usr/local/bin
PATH: /usr/sbin
PATH: /usr/bin
PATH: /sbin
PATH: /bin
PATH: /usr/games
PATH: /usr/local/games
PATH: /snap/bin
PATH: /snap/inkscape/7627/bin
PATH: /home/jrb/opthome/ovito-basic-3.2.0-x86_64/bin


## ----------- ##
## Core tests. ##
## ----------- ##

configure:2396: checking for a BSD-compatible install
configure:2464: result: /usr/bin/install -c
configure:2475: checking whether build environment is sane
configure:2530: result: yes
configure:2679: checking for a thread-safe mkdir -p
configure:2718: result: /usr/bin/mkdir -p
configure:2725: checking for gawk
configure:2755: result: no
configure:2725: checking for mawk
configure:2741: found /usr/bin/mawk
configure:2752: result: mawk
configure:2763: checking whether make sets $(MAKE)
configure:2785: result: yes
configure:2814: checking whether make supports nested variables
configure:2831: result: yes
configure:2960: checking whether to enable maintainer-specific portions of Makefiles
configure:2969: result: no
configure:3007: checking for a sed that does not truncate output
configure:3071: result: /usr/bin/sed
configure:3081: checking whether make sets $(MAKE)
configure:3103: result: yes
configure:3117: checking build system type
configure:3131: result: x86_64-unknown-linux-gnu
configure:3151: checking host system type
configure:3164: result: x86_64-unknown-linux-gnu
configure:3239: checking for gcc
configure:3255: found /usr/bin/gcc
configure:3266: result: gcc
configure:3495: checking for C compiler version
configure:3504: gcc --version >&5
gcc (Ubuntu 9.3.0-17ubuntu1~20.04) 9.3.0
Copyright (C) 2019 Free Software Foundation, Inc.
This is free software; see the source for copying conditions.  There is NO
warranty; not even for MERCHANTABILITY or FITNESS FOR A PARTICULAR PURPOSE.

configure:3515: $? = 0
configure:3504: gcc -v >&5
Using built-in specs.
COLLECT_GCC=gcc
COLLECT_LTO_WRAPPER=/usr/lib/gcc/x86_64-linux-gnu/9/lto-wrapper
OFFLOAD_TARGET_NAMES=nvptx-none:hsa
OFFLOAD_TARGET_DEFAULT=1
Target: x86_64-linux-gnu
Configured with: ../src/configure -v --with-pkgversion='Ubuntu 9.3.0-17ubuntu1~20.04' --with-bugurl=file:///usr/share/doc/gcc-9/README.Bugs --enable-languages=c,ada,c++,go,brig,d,fortran,objc,obj-c++,gm2 --prefix=/usr --with-gcc-major-version-only --program-suffix=-9 --program-prefix=x86_64-linux-gnu- --enable-shared --enable-linker-build-id --libexecdir=/usr/lib --without-included-gettext --enable-threads=posix --libdir=/usr/lib --enable-nls --enable-clocale=gnu --enable-libstdcxx-debug --enable-libstdcxx-time=yes --with-default-libstdcxx-abi=new --enable-gnu-unique-object --disable-vtable-verify --enable-plugin --enable-default-pie --with-system-zlib --with-target-system-zlib=auto --enable-objc-gc=auto --enable-multiarch --disable-werror --with-arch-32=i686 --with-abi=m64 --with-multilib-list=m32,m64,mx32 --enable-multilib --with-tune=generic --enable-offload-targets=nvptx-none=/build/gcc-9-HskZEa/gcc-9-9.3.0/debian/tmp-nvptx/usr,hsa --without-cuda-driver --enable-checking=release --build=x86_64-linux-gnu --host=x86_64-linux-gnu --target=x86_64-linux-gnu
Thread model: posix
gcc version 9.3.0 (Ubuntu 9.3.0-17ubuntu1~20.04) 
configure:3515: $? = 0
configure:3504: gcc -V >&5
gcc: error: unrecognized command line option '-V'
gcc: fatal error: no input files
compilation terminated.
configure:3515: $? = 1
configure:3504: gcc -qversion >&5
gcc: error: unrecognized command line option '-qversion'; did you mean '--version'?
gcc: fatal error: no input files
compilation terminated.
configure:3515: $? = 1
configure:3535: checking whether the C compiler works
configure:3557: gcc    conftest.c  >&5
configure:3561: $? = 0
configure:3609: result: yes
configure:3612: checking for C compiler default output file name
configure:3614: result: a.out
configure:3620: checking for suffix of executables
configure:3627: gcc -o conftest    conftest.c  >&5
configure:3631: $? = 0
configure:3653: result: 
configure:3675: checking whether we are cross compiling
configure:3683: gcc -o conftest    conftest.c  >&5
configure:3687: $? = 0
configure:3694: ./conftest
configure:3698: $? = 0
configure:3686: result: no
configure:3691: checking for suffix of object files
configure:3713: gcc -c   conftest.c >&5
configure:3717: $? = 0
configure:3738: result: o
configure:3742: checking whether we are using the GNU C compiler
configure:3761: gcc -c   conftest.c >&5
configure:3761: $? = 0
configure:3770: result: yes
configure:3779: checking whether gcc accepts -g
configure:3799: gcc -c -g  conftest.c >&5
configure:3799: $? = 0
configure:3840: result: yes
configure:3857: checking for gcc option to accept ISO C89
configure:3920: gcc  -c -g -O2  conftest.c >&5
configure:3920: $? = 0
configure:3933: result: none needed
configure:3958: checking whether gcc understands -c and -o together
configure:3980: gcc -c conftest.c -o conftest2.o
configure:3983: $? = 0
configure:3980: gcc -c conftest.c -o conftest2.o
configure:3983: $? = 0
configure:3995: result: yes
configure:4015: checking whether make supports the include directive
configure:4030: make -f confmf.GNU && cat confinc.out
this is the am__doit target
configure:4033: $? = 0
configure:4052: result: yes (GNU style)
configure:4077: checking dependency style of gcc
configure:4188: result: gcc3
configure:4208: checking how to run the C preprocessor
configure:4239: gcc -E  conftest.c
configure:4239: $? = 0
configure:4253: gcc -E  conftest.c
conftest.c:12:10: fatal error: ac_nonexistent.h: No such file or directory
   12 | #include <ac_nonexistent.h>
      |          ^~~~~~~~~~~~~~~~~~
compilation terminated.
configure:4253: $? = 1
configure: failed program was:
| /* confdefs.h */
| #define PACKAGE_NAME "gsl"
| #define PACKAGE_TARNAME "gsl"
| #define PACKAGE_VERSION "2.3"
| #define PACKAGE_STRING "gsl 2.3"
| #define PACKAGE_BUGREPORT ""
| #define PACKAGE_URL ""
| #define PACKAGE "gsl"
| #define VERSION "2.3"
| #define RELEASED /**/
| /* end confdefs.h.  */
| #include <ac_nonexistent.h>
configure:4278: result: gcc -E
configure:4298: gcc -E  conftest.c
configure:4298: $? = 0
configure:4312: gcc -E  conftest.c
conftest.c:12:10: fatal error: ac_nonexistent.h: No such file or directory
   12 | #include <ac_nonexistent.h>
      |          ^~~~~~~~~~~~~~~~~~
compilation terminated.
configure:4312: $? = 1
configure: failed program was:
| /* confdefs.h */
| #define PACKAGE_NAME "gsl"
| #define PACKAGE_TARNAME "gsl"
| #define PACKAGE_VERSION "2.3"
| #define PACKAGE_STRING "gsl 2.3"
| #define PACKAGE_BUGREPORT ""
| #define PACKAGE_URL ""
| #define PACKAGE "gsl"
| #define VERSION "2.3"
| #define RELEASED /**/
| /* end confdefs.h.  */
| #include <ac_nonexistent.h>
configure:4341: checking whether ln -s works
configure:4345: result: yes
configure:4400: checking how to print strings
configure:4427: result: printf
configure:4448: checking for a sed that does not truncate output
configure:4512: result: /usr/bin/sed
configure:4530: checking for grep that handles long lines and -e
configure:4588: result: /usr/bin/grep
configure:4593: checking for egrep
configure:4655: result: /usr/bin/grep -E
configure:4660: checking for fgrep
configure:4722: result: /usr/bin/grep -F
configure:4757: checking for ld used by gcc
configure:4824: result: /usr/bin/ld
configure:4831: checking if the linker (/usr/bin/ld) is GNU ld
configure:4846: result: yes
configure:4858: checking for BSD- or MS-compatible name lister (nm)
configure:4912: result: /usr/bin/nm -B
configure:5042: checking the name lister (/usr/bin/nm -B) interface
configure:5049: gcc -c -g -O2  conftest.c >&5
configure:5052: /usr/bin/nm -B "conftest.o"
configure:5055: output
0000000000000000 B some_variable
configure:5056: result: BSD nm
configure:5060: checking the maximum length of command line arguments
configure:5191: result: 1572864
configure:5239: checking how to convert x86_64-unknown-linux-gnu file names to x86_64-unknown-linux-gnu format
configure:5279: result: func_convert_file_noop
configure:5286: checking how to convert x86_64-unknown-linux-gnu file names to toolchain format
configure:5306: result: func_convert_file_noop
configure:5313: checking for /usr/bin/ld option to reload object files
configure:5320: result: -r
configure:5394: checking for objdump
configure:5410: found /usr/bin/objdump
configure:5421: result: objdump
configure:5453: checking how to recognize dependent libraries
configure:5653: result: pass_all
configure:5738: checking for dlltool
configure:5768: result: no
configure:5798: checking how to associate runtime and link libraries
configure:5825: result: printf %s\n
configure:5886: checking for ar
configure:5902: found /usr/bin/ar
configure:5913: result: ar
configure:5950: checking for archiver @FILE support
configure:5967: gcc -c -g -O2  conftest.c >&5
configure:5967: $? = 0
configure:5970: ar cru libconftest.a @conftest.lst >&5
ar: `u' modifier ignored since `D' is the default (see `U')
configure:5973: $? = 0
configure:5978: ar cru libconftest.a @conftest.lst >&5
ar: `u' modifier ignored since `D' is the default (see `U')
ar: conftest.o: No such file or directory
configure:5981: $? = 1
configure:5980: result: @
configure:6038: checking for strip
configure:6054: found /usr/bin/strip
configure:6065: result: strip
configure:6137: checking for ranlib
configure:6153: found /usr/bin/ranlib
configure:6164: result: ranlib
configure:6266: checking command to parse /usr/bin/nm -B output from gcc object
configure:6419: gcc -c -g -O2  conftest.c >&5
configure:6422: $? = 0
configure:6426: /usr/bin/nm -B conftest.o \| sed -n -e 's/^.*[ ]\([ABCDGIRSTW][ABCDGIRSTW]*\)[ ][ ]*\([_A-Za-z][_A-Za-z0-9]*\)$/\1 \2 \2/p' | sed '/ __gnu_lto/d' \> conftest.nm
configure:6429: $? = 0
configure:6495: gcc -o conftest -g -O2   conftest.c conftstm.o >&5
configure:6498: $? = 0
configure:6536: result: ok
configure:6583: checking for sysroot
configure:6613: result: no
configure:6620: checking for a working dd
configure:6658: result: /usr/bin/dd
configure:6662: checking how to truncate binary pipes
configure:6677: result: /usr/bin/dd bs=4096 count=1
configure:6813: gcc -c -g -O2  conftest.c >&5
configure:6816: $? = 0
configure:7006: checking for mt
configure:7022: found /usr/bin/mt
configure:7033: result: mt
configure:7056: checking if mt is a manifest tool
configure:7062: mt '-?'
configure:7070: result: no
configure:7743: checking for ANSI C header files
configure:7763: gcc -c -g -O2  conftest.c >&5
configure:7763: $? = 0
configure:7836: gcc -o conftest -g -O2   conftest.c  >&5
configure:7836: $? = 0
configure:7836: ./conftest
configure:7836: $? = 0
configure:7847: result: yes
configure:7860: checking for sys/types.h
configure:7860: gcc -c -g -O2  conftest.c >&5
configure:7860: $? = 0
configure:7860: result: yes
configure:7860: checking for sys/stat.h
configure:7860: gcc -c -g -O2  conftest.c >&5
configure:7860: $? = 0
configure:7860: result: yes
configure:7860: checking for stdlib.h
configure:7860: gcc -c -g -O2  conftest.c >&5
configure:7860: $? = 0
configure:7860: result: yes
configure:7860: checking for string.h
configure:7860: gcc -c -g -O2  conftest.c >&5
configure:7860: $? = 0
configure:7860: result: yes
configure:7860: checking for memory.h
configure:7860: gcc -c -g -O2  conftest.c >&5
configure:7860: $? = 0
configure:7860: result: yes
configure:7860: checking for strings.h
configure:7860: gcc -c -g -O2  conftest.c >&5
configure:7860: $? = 0
configure:7860: result: yes
configure:7860: checking for inttypes.h
configure:7860: gcc -c -g -O2  conftest.c >&5
configure:7860: $? = 0
configure:7860: result: yes
configure:7860: checking for stdint.h
configure:7860: gcc -c -g -O2  conftest.c >&5
configure:7860: $? = 0
configure:7860: result: yes
configure:7860: checking for unistd.h
configure:7860: gcc -c -g -O2  conftest.c >&5
configure:7860: $? = 0
configure:7860: result: yes
configure:7874: checking for dlfcn.h
configure:7874: gcc -c -g -O2  conftest.c >&5
configure:7874: $? = 0
configure:7874: result: yes
configure:8130: checking for objdir
configure:8145: result: .libs
configure:8409: checking if gcc supports -fno-rtti -fno-exceptions
configure:8427: gcc -c -g -O2  -fno-rtti -fno-exceptions conftest.c >&5
cc1: warning: command line option '-fno-rtti' is valid for C++/D/ObjC++ but not for C
configure:8431: $? = 0
configure:8444: result: no
configure:8802: checking for gcc option to produce PIC
configure:8809: result: -fPIC -DPIC
configure:8817: checking if gcc PIC flag -fPIC -DPIC works
configure:8835: gcc -c -g -O2  -fPIC -DPIC -DPIC conftest.c >&5
configure:8839: $? = 0
configure:8852: result: yes
configure:8881: checking if gcc static flag -static works
configure:8909: result: yes
configure:8924: checking if gcc supports -c -o file.o
configure:8945: gcc -c -g -O2  -o out/conftest2.o conftest.c >&5
configure:8949: $? = 0
configure:8971: result: yes
configure:8979: checking if gcc supports -c -o file.o
configure:9026: result: yes
configure:9059: checking whether the gcc linker (/usr/bin/ld -m elf_x86_64) supports shared libraries
configure:10318: result: yes
configure:10355: checking whether -lc should be explicitly linked in
configure:10363: gcc -c -g -O2  conftest.c >&5
configure:10366: $? = 0
configure:10381: gcc -shared  -fPIC -DPIC conftest.o  -v -Wl,-soname -Wl,conftest -o conftest 2\>\&1 \| /usr/bin/grep  -lc  \>/dev/null 2\>\&1
configure:10384: $? = 0
configure:10398: result: no
configure:10558: checking dynamic linker characteristics
configure:11139: gcc -o conftest -g -O2   -Wl,-rpath -Wl,/foo conftest.c  >&5
configure:11139: $? = 0
configure:11376: result: GNU/Linux ld.so
configure:11498: checking how to hardcode library paths into programs
configure:11523: result: immediate
configure:12071: checking whether stripping libraries is possible
configure:12076: result: yes
configure:12111: checking if libtool supports shared libraries
configure:12113: result: yes
configure:12116: checking whether to build shared libraries
configure:12141: result: yes
configure:12144: checking whether to build static libraries
configure:12148: result: yes
configure:8979: checking for size_t
configure:8979: gcc -c -g -O2  conftest.c >&5
configure:8979: $? = 0
configure:8979: gcc -c -g -O2  conftest.c >&5
conftest.c: In function 'main':
conftest.c:60:21: error: expected expression before ')' token
   60 | if (sizeof ((size_t)))
      |                     ^
configure:8979: $? = 1
configure: failed program was:
| /* confdefs.h */
| #define PACKAGE_NAME "gsl"
| #define PACKAGE_TARNAME "gsl"
| #define PACKAGE_VERSION "2.3"
| #define PACKAGE_STRING "gsl 2.3"
| #define PACKAGE_BUGREPORT ""
| #define PACKAGE_URL ""
| #define PACKAGE "gsl"
| #define VERSION "2.3"
| #define RELEASED /**/
| #define STDC_HEADERS 1
| #define HAVE_SYS_TYPES_H 1
| #define HAVE_SYS_STAT_H 1
| #define HAVE_STDLIB_H 1
| #define HAVE_STRING_H 1
| #define HAVE_MEMORY_H 1
| #define HAVE_STRINGS_H 1
| #define HAVE_INTTYPES_H 1
| #define HAVE_STDINT_H 1
| #define HAVE_UNISTD_H 1
| #define HAVE_DLFCN_H 1
| #define LT_OBJDIR ".libs/"
| /* end confdefs.h.  */
| #include <stdio.h>
| #ifdef HAVE_SYS_TYPES_H
| # include <sys/types.h>
| #endif
| #ifdef HAVE_SYS_STAT_H
| # include <sys/stat.h>
| #endif
| #ifdef STDC_HEADERS
| # include <stdlib.h>
| # include <stddef.h>
| #else
| # ifdef HAVE_STDLIB_H
| #  include <stdlib.h>
| # endif
| #endif
| #ifdef HAVE_STRING_H
| # if !defined STDC_HEADERS && defined HAVE_MEMORY_H
| #  include <memory.h>
| # endif
| # include <string.h>
| #endif
| #ifdef HAVE_STRINGS_H
| # include <strings.h>
| #endif
| #ifdef HAVE_INTTYPES_H
| # include <inttypes.h>
| #endif
| #ifdef HAVE_STDINT_H
| # include <stdint.h>
| #endif
| #ifdef HAVE_UNISTD_H
| # include <unistd.h>
| #endif
| int
| main ()
| {
| if (sizeof ((size_t)))
| 	    return 0;
|   ;
|   return 0;
| }
configure:8979: result: yes
configure:8990: checking for working volatile
configure:9009: gcc -c -g -O2  conftest.c >&5
configure:9009: $? = 0
configure:9016: result: yes
configure:9024: checking for inline
configure:9040: gcc -c -g -O2  conftest.c >&5
configure:9040: $? = 0
configure:9048: result: inline
configure:9066: checking whether char is unsigned
configure:9085: gcc -c -g -O2  conftest.c >&5
configure:9085: $? = 0
configure:9092: result: no
configure:9190: checking for cos in -lm
configure:9215: gcc -o conftest -g -O2   conftest.c -lm   >&5
conftest.c:31:6: warning: conflicting types for built-in function 'cos'; expected 'double(double)' [-Wbuiltin-declaration-mismatch]
   31 | char cos ();
      |      ^~~
conftest.c:1:1: note: 'cos' is declared in header '<math.h>'
    1 | /* confdefs.h */
configure:9215: $? = 0
configure:9224: result: yes
configure:9241: checking for GNU-style extern inline
configure:9260: gcc -c -g -O2  conftest.c >&5
conftest.c:26:11: error: redefinition of 'foo'
   26 |    double foo (double x) { return x + 1.0 ; };
      |           ^~~
conftest.c:25:25: note: previous definition of 'foo' was here
   25 |    extern inline double foo(double x) { return x + 1.0 ; } ;
      |                         ^~~
configure:9260: $? = 1
configure: failed program was:
| /* confdefs.h */
| #define PACKAGE_NAME "gsl"
| #define PACKAGE_TARNAME "gsl"
| #define PACKAGE_VERSION "2.3"
| #define PACKAGE_STRING "gsl 2.3"
| #define PACKAGE_BUGREPORT ""
| #define PACKAGE_URL ""
| #define PACKAGE "gsl"
| #define VERSION "2.3"
| #define RELEASED /**/
| #define STDC_HEADERS 1
| #define HAVE_SYS_TYPES_H 1
| #define HAVE_SYS_STAT_H 1
| #define HAVE_STDLIB_H 1
| #define HAVE_STRING_H 1
| #define HAVE_MEMORY_H 1
| #define HAVE_STRINGS_H 1
| #define HAVE_INTTYPES_H 1
| #define HAVE_STDINT_H 1
| #define HAVE_UNISTD_H 1
| #define HAVE_DLFCN_H 1
| #define LT_OBJDIR ".libs/"
| /* end confdefs.h.  */
| extern inline double foo(double x);
|    extern inline double foo(double x) { return x + 1.0 ; } ;
|    double foo (double x) { return x + 1.0 ; };
| int
| main ()
| {
|   foo(1.0)
|   ;
|   return 0;
| }
configure:9266: result: no
configure:9274: checking for C99-style inline
configure:9291: gcc -c -g -O2  conftest.c >&5
configure:9291: $? = 0
configure:9307: gcc -c -g -O2  conftest.c >&5
configure:9307: $? = 0
configure:9316: result: yes
configure:9331: checking ieeefp.h usability
configure:9331: gcc -c -g -O2  conftest.c >&5
conftest.c:59:10: fatal error: ieeefp.h: No such file or directory
   59 | #include <ieeefp.h>
      |          ^~~~~~~~~~
compilation terminated.
configure:9331: $? = 1
configure: failed program was:
| /* confdefs.h */
| #define PACKAGE_NAME "gsl"
| #define PACKAGE_TARNAME "gsl"
| #define PACKAGE_VERSION "2.3"
| #define PACKAGE_STRING "gsl 2.3"
| #define PACKAGE_BUGREPORT ""
| #define PACKAGE_URL ""
| #define PACKAGE "gsl"
| #define VERSION "2.3"
| #define RELEASED /**/
| #define STDC_HEADERS 1
| #define HAVE_SYS_TYPES_H 1
| #define HAVE_SYS_STAT_H 1
| #define HAVE_STDLIB_H 1
| #define HAVE_STRING_H 1
| #define HAVE_MEMORY_H 1
| #define HAVE_STRINGS_H 1
| #define HAVE_INTTYPES_H 1
| #define HAVE_STDINT_H 1
| #define HAVE_UNISTD_H 1
| #define HAVE_DLFCN_H 1
| #define LT_OBJDIR ".libs/"
| #define HAVE_INLINE 1
| #define HAVE_C99_INLINE 1
| /* end confdefs.h.  */
| #include <stdio.h>
| #ifdef HAVE_SYS_TYPES_H
| # include <sys/types.h>
| #endif
| #ifdef HAVE_SYS_STAT_H
| # include <sys/stat.h>
| #endif
| #ifdef STDC_HEADERS
| # include <stdlib.h>
| # include <stddef.h>
| #else
| # ifdef HAVE_STDLIB_H
| #  include <stdlib.h>
| # endif
| #endif
| #ifdef HAVE_STRING_H
| # if !defined STDC_HEADERS && defined HAVE_MEMORY_H
| #  include <memory.h>
| # endif
| # include <string.h>
| #endif
| #ifdef HAVE_STRINGS_H
| # include <strings.h>
| #endif
| #ifdef HAVE_INTTYPES_H
| # include <inttypes.h>
| #endif
| #ifdef HAVE_STDINT_H
| # include <stdint.h>
| #endif
| #ifdef HAVE_UNISTD_H
| # include <unistd.h>
| #endif
| #include <ieeefp.h>
configure:9331: result: no
configure:9331: checking ieeefp.h presence
configure:9331: gcc -E  conftest.c
conftest.c:26:10: fatal error: ieeefp.h: No such file or directory
   26 | #include <ieeefp.h>
      |          ^~~~~~~~~~
compilation terminated.
configure:9331: $? = 1
configure: failed program was:
| /* confdefs.h */
| #define PACKAGE_NAME "gsl"
| #define PACKAGE_TARNAME "gsl"
| #define PACKAGE_VERSION "2.3"
| #define PACKAGE_STRING "gsl 2.3"
| #define PACKAGE_BUGREPORT ""
| #define PACKAGE_URL ""
| #define PACKAGE "gsl"
| #define VERSION "2.3"
| #define RELEASED /**/
| #define STDC_HEADERS 1
| #define HAVE_SYS_TYPES_H 1
| #define HAVE_SYS_STAT_H 1
| #define HAVE_STDLIB_H 1
| #define HAVE_STRING_H 1
| #define HAVE_MEMORY_H 1
| #define HAVE_STRINGS_H 1
| #define HAVE_INTTYPES_H 1
| #define HAVE_STDINT_H 1
| #define HAVE_UNISTD_H 1
| #define HAVE_DLFCN_H 1
| #define LT_OBJDIR ".libs/"
| #define HAVE_INLINE 1
| #define HAVE_C99_INLINE 1
| /* end confdefs.h.  */
| #include <ieeefp.h>
configure:9331: result: no
configure:9331: checking for ieeefp.h
configure:9331: result: no
configure:9360: checking for vprintf
configure:9360: gcc -o conftest -g -O2   conftest.c  >&5
conftest.c:49:6: warning: conflicting types for built-in function 'vprintf'; expected 'int(const char *, __va_list_tag *)' [-Wbuiltin-declaration-mismatch]
   49 | char vprintf ();
      |      ^~~~~~~
conftest.c:37:1: note: 'vprintf' is declared in header '<stdio.h>'
   36 | # include <limits.h>
   37 | #else
configure:9360: $? = 0
configure:9360: result: yes
configure:9366: checking for _doprnt
configure:9366: gcc -o conftest -g -O2   conftest.c  >&5
/usr/bin/ld: /tmp/ccJL9VxV.o: in function `main':
/home/jrb/enpicom-local/code/IGoR/libs/gsl_sub/conftest.c:61: undefined reference to `_doprnt'
collect2: error: ld returned 1 exit status
configure:9366: $? = 1
configure: failed program was:
| /* confdefs.h */
| #define PACKAGE_NAME "gsl"
| #define PACKAGE_TARNAME "gsl"
| #define PACKAGE_VERSION "2.3"
| #define PACKAGE_STRING "gsl 2.3"
| #define PACKAGE_BUGREPORT ""
| #define PACKAGE_URL ""
| #define PACKAGE "gsl"
| #define VERSION "2.3"
| #define RELEASED /**/
| #define STDC_HEADERS 1
| #define HAVE_SYS_TYPES_H 1
| #define HAVE_SYS_STAT_H 1
| #define HAVE_STDLIB_H 1
| #define HAVE_STRING_H 1
| #define HAVE_MEMORY_H 1
| #define HAVE_STRINGS_H 1
| #define HAVE_INTTYPES_H 1
| #define HAVE_STDINT_H 1
| #define HAVE_UNISTD_H 1
| #define HAVE_DLFCN_H 1
| #define LT_OBJDIR ".libs/"
| #define HAVE_INLINE 1
| #define HAVE_C99_INLINE 1
| #define HAVE_VPRINTF 1
| /* end confdefs.h.  */
| /* Define _doprnt to an innocuous variant, in case <limits.h> declares _doprnt.
|    For example, HP-UX 11i <limits.h> declares gettimeofday.  */
| #define _doprnt innocuous__doprnt
| 
| /* System header to define __stub macros and hopefully few prototypes,
|     which can conflict with char _doprnt (); below.
|     Prefer <limits.h> to <assert.h> if __STDC__ is defined, since
|     <limits.h> exists even on freestanding compilers.  */
| 
| #ifdef __STDC__
| # include <limits.h>
| #else
| # include <assert.h>
| #endif
| 
| #undef _doprnt
| 
| /* Override any GCC internal prototype to avoid an error.
|    Use char because int might match the return type of a GCC
|    builtin and then its argument prototype would still apply.  */
| #ifdef __cplusplus
| extern "C"
| #endif
| char _doprnt ();
| /* The GNU C library defines this for functions which it implements
|     to always fail with ENOSYS.  Some functions are actually named
|     something starting with __ and the normal name is an alias.  */
| #if defined __stub__doprnt || defined __stub____doprnt
| choke me
| #endif
| 
| int
| main ()
| {
| return _doprnt ();
|   ;
|   return 0;
| }
configure:9366: result: no
configure:9378: checking for memcpy
configure:9378: gcc -o conftest -g -O2   conftest.c  >&5
conftest.c:50:6: warning: conflicting types for built-in function 'memcpy'; expected 'void *(void *, const void *, long unsigned int)' [-Wbuiltin-declaration-mismatch]
   50 | char memcpy ();
      |      ^~~~~~
conftest.c:38:1: note: 'memcpy' is declared in header '<string.h>'
   37 | # include <limits.h>
   38 | #else
configure:9378: $? = 0
configure:9378: result: yes
configure:9391: checking for memmove
configure:9391: gcc -o conftest -g -O2   conftest.c  >&5
conftest.c:51:6: warning: conflicting types for built-in function 'memmove'; expected 'void *(void *, const void *, long unsigned int)' [-Wbuiltin-declaration-mismatch]
   51 | char memmove ();
      |      ^~~~~~~
conftest.c:39:1: note: 'memmove' is declared in header '<string.h>'
   38 | # include <limits.h>
   39 | #else
configure:9391: $? = 0
configure:9391: result: yes
configure:9404: checking for strdup
configure:9404: gcc -o conftest -g -O2   conftest.c  >&5
conftest.c:52:6: warning: conflicting types for built-in function 'strdup'; expected 'char *(const char *)' [-Wbuiltin-declaration-mismatch]
   52 | char strdup ();
      |      ^~~~~~
configure:9404: $? = 0
configure:9404: result: yes
configure:9417: checking for strtol
configure:9417: gcc -o conftest -g -O2   conftest.c  >&5
configure:9417: $? = 0
configure:9417: result: yes
configure:9430: checking for strtoul
configure:9430: gcc -o conftest -g -O2   conftest.c  >&5
configure:9430: $? = 0
configure:9430: result: yes
configure:9445: checking for EXIT_SUCCESS and EXIT_FAILURE
configure:9469: result: yes
configure:9480: checking for cos in -lm
configure:9514: result: yes
configure:9527: checking whether feenableexcept is declared
configure:9527: gcc -c -g -O2  conftest.c >&5
configure:9527: $? = 0
configure:9527: result: yes
configure:9540: checking whether fesettrapenable is declared
configure:9540: gcc -c -g -O2  conftest.c >&5
conftest.c: In function 'main':
conftest.c:45:10: error: 'fesettrapenable' undeclared (first use in this function)
   45 |   (void) fesettrapenable;
      |          ^~~~~~~~~~~~~~~
conftest.c:45:10: note: each undeclared identifier is reported only once for each function it appears in
configure:9540: $? = 1
configure: failed program was:
| /* confdefs.h */
| #define PACKAGE_NAME "gsl"
| #define PACKAGE_TARNAME "gsl"
| #define PACKAGE_VERSION "2.3"
| #define PACKAGE_STRING "gsl 2.3"
| #define PACKAGE_BUGREPORT ""
| #define PACKAGE_URL ""
| #define PACKAGE "gsl"
| #define VERSION "2.3"
| #define RELEASED /**/
| #define STDC_HEADERS 1
| #define HAVE_SYS_TYPES_H 1
| #define HAVE_SYS_STAT_H 1
| #define HAVE_STDLIB_H 1
| #define HAVE_STRING_H 1
| #define HAVE_MEMORY_H 1
| #define HAVE_STRINGS_H 1
| #define HAVE_INTTYPES_H 1
| #define HAVE_STDINT_H 1
| #define HAVE_UNISTD_H 1
| #define HAVE_DLFCN_H 1
| #define LT_OBJDIR ".libs/"
| #define HAVE_INLINE 1
| #define HAVE_C99_INLINE 1
| #define HAVE_VPRINTF 1
| #define HAVE_MEMCPY 1
| #define HAVE_MEMMOVE 1
| #define HAVE_STRDUP 1
| #define HAVE_STRTOL 1
| #define HAVE_STRTOUL 1
| #define HAVE_EXIT_SUCCESS_AND_FAILURE 1
| #define HAVE_LIBM 1
| #define HAVE_DECL_FEENABLEEXCEPT 1
| /* end confdefs.h.  */
| #define _GNU_SOURCE 1
| #include <fenv.h>
| 
| int
| main ()
| {
| #ifndef fesettrapenable
| #ifdef __cplusplus
|   (void) fesettrapenable;
| #else
|   (void) fesettrapenable;
| #endif
| #endif
| 
|   ;
|   return 0;
| }
configure:9540: result: no
configure:9553: checking whether hypot is declared
configure:9553: gcc -c -g -O2  conftest.c >&5
configure:9553: $? = 0
configure:9553: result: yes
configure:9565: checking whether expm1 is declared
configure:9565: gcc -c -g -O2  conftest.c >&5
configure:9565: $? = 0
configure:9565: result: yes
configure:9577: checking whether acosh is declared
configure:9577: gcc -c -g -O2  conftest.c >&5
configure:9577: $? = 0
configure:9577: result: yes
configure:9589: checking whether asinh is declared
configure:9589: gcc -c -g -O2  conftest.c >&5
configure:9589: $? = 0
configure:9589: result: yes
configure:9601: checking whether atanh is declared
configure:9601: gcc -c -g -O2  conftest.c >&5
configure:9601: $? = 0
configure:9601: result: yes
configure:9613: checking whether ldexp is declared
configure:9613: gcc -c -g -O2  conftest.c >&5
configure:9613: $? = 0
configure:9613: result: yes
configure:9625: checking whether frexp is declared
configure:9625: gcc -c -g -O2  conftest.c >&5
configure:9625: $? = 0
configure:9625: result: yes
configure:9637: checking whether fprnd_t is declared
configure:9637: gcc -c -g -O2  conftest.c >&5
conftest.c: In function 'main':
conftest.c:52:10: error: 'fprnd_t' undeclared (first use in this function)
   52 |   (void) fprnd_t;
      |          ^~~~~~~
conftest.c:52:10: note: each undeclared identifier is reported only once for each function it appears in
configure:9637: $? = 1
configure: failed program was:
| /* confdefs.h */
| #define PACKAGE_NAME "gsl"
| #define PACKAGE_TARNAME "gsl"
| #define PACKAGE_VERSION "2.3"
| #define PACKAGE_STRING "gsl 2.3"
| #define PACKAGE_BUGREPORT ""
| #define PACKAGE_URL ""
| #define PACKAGE "gsl"
| #define VERSION "2.3"
| #define RELEASED /**/
| #define STDC_HEADERS 1
| #define HAVE_SYS_TYPES_H 1
| #define HAVE_SYS_STAT_H 1
| #define HAVE_STDLIB_H 1
| #define HAVE_STRING_H 1
| #define HAVE_MEMORY_H 1
| #define HAVE_STRINGS_H 1
| #define HAVE_INTTYPES_H 1
| #define HAVE_STDINT_H 1
| #define HAVE_UNISTD_H 1
| #define HAVE_DLFCN_H 1
| #define LT_OBJDIR ".libs/"
| #define HAVE_INLINE 1
| #define HAVE_C99_INLINE 1
| #define HAVE_VPRINTF 1
| #define HAVE_MEMCPY 1
| #define HAVE_MEMMOVE 1
| #define HAVE_STRDUP 1
| #define HAVE_STRTOL 1
| #define HAVE_STRTOUL 1
| #define HAVE_EXIT_SUCCESS_AND_FAILURE 1
| #define HAVE_LIBM 1
| #define HAVE_DECL_FEENABLEEXCEPT 1
| #define HAVE_DECL_FESETTRAPENABLE 0
| #define HAVE_DECL_HYPOT 1
| #define HAVE_DECL_EXPM1 1
| #define HAVE_DECL_ACOSH 1
| #define HAVE_DECL_ASINH 1
| #define HAVE_DECL_ATANH 1
| #define HAVE_DECL_LDEXP 1
| #define HAVE_DECL_FREXP 1
| /* end confdefs.h.  */
| #include <float.h>
| 
| int
| main ()
| {
| #ifndef fprnd_t
| #ifdef __cplusplus
|   (void) fprnd_t;
| #else
|   (void) fprnd_t;
| #endif
| #endif
| 
|   ;
|   return 0;
| }
configure:9637: result: no
configure:9649: checking whether isinf is declared
configure:9649: gcc -c -g -O2  conftest.c >&5
configure:9649: $? = 0
configure:9649: result: yes
configure:9661: checking whether isfinite is declared
configure:9661: gcc -c -g -O2  conftest.c >&5
configure:9661: $? = 0
configure:9661: result: yes
configure:9673: checking whether finite is declared
configure:9673: gcc -c -g -O2  conftest.c >&5
configure:9673: $? = 0
configure:9673: result: yes
configure:9688: checking whether isnan is declared
configure:9688: gcc -c -g -O2  conftest.c >&5
configure:9688: $? = 0
configure:9688: result: yes
configure:9707: checking whether log1p is declared
configure:9707: gcc -c -g -O2  conftest.c >&5
configure:9707: $? = 0
configure:9707: result: yes
configure:9722: checking for long double stdio
configure:9743: gcc -o conftest -g -O2   conftest.c -lm  >&5
configure:9743: $? = 0
configure:9743: ./conftest
1.234
configure:9743: $? = 0
configure:9753: result: yes
configure:9762: checking for extended floating point registers
configure:9795: result: yes
configure:9804: checking for IEEE arithmetic interface type
configure:9867: result: gnux86
configure:9871: checking for FPU_SETCW
configure:9893: gcc -c -g -O2  conftest.c >&5
configure:9893: $? = 0
configure:9901: result: yes
configure:9906: checking for SSE extensions
configure:9950: gcc -o conftest -g -O2   conftest.c -lm  >&5
configure:9950: $? = 0
configure:9950: ./conftest
configure:9950: $? = 0
configure:9960: result: yes
configure:9997: checking for IEEE compiler flags
configure:10036: result: none
configure:10045: checking for IEEE comparisons
configure:10066: gcc -o conftest -g -O2   conftest.c -lm  >&5
conftest.c: In function 'main':
conftest.c:61:4: warning: implicit declaration of function 'exit' [-Wimplicit-function-declaration]
   61 |    exit (status);
      |    ^~~~
conftest.c:61:4: warning: incompatible implicit declaration of built-in function 'exit'
conftest.c:55:1: note: include '<stdlib.h>' or provide a declaration of 'exit'
   54 | #include <math.h>
  +++ |+#include <stdlib.h>
   55 | int main (void)
configure:10066: $? = 0
configure:10066: ./conftest
configure:10066: $? = 0
configure:10077: result: yes
configure:10086: checking for IEEE denormalized values
configure:10108: gcc -o conftest -g -O2   conftest.c -lm  >&5
conftest.c: In function 'main':
conftest.c:63:4: warning: implicit declaration of function 'exit' [-Wimplicit-function-declaration]
   63 |    exit (status);
      |    ^~~~
conftest.c:63:4: warning: incompatible implicit declaration of built-in function 'exit'
conftest.c:56:1: note: include '<stdlib.h>' or provide a declaration of 'exit'
   55 | #include <math.h>
  +++ |+#include <stdlib.h>
   56 | int main (void)
configure:10108: $? = 0
configure:10108: ./conftest
configure:10108: $? = 0
configure:10119: result: yes
configure:10250: checking that generated files are newer than configure
configure:10256: result: done
configure:10283: creating ./config.status

## ---------------------- ##
## Running config.status. ##
## ---------------------- ##

This file was extended by gsl config.status 2.3, which was
generated by GNU Autoconf 2.69.  Invocation command line was

  CONFIG_FILES    = 
  CONFIG_HEADERS  = 
  CONFIG_LINKS    = 
  CONFIG_COMMANDS = 
  $ ./config.status 

on jrb-X570-ubu2004

config.status:1168: creating Makefile
config.status:1168: creating gsl_version.h
config.status:1168: creating gsl.spec
config.status:1168: creating blas/Makefile
config.status:1168: creating block/Makefile
config.status:1168: creating cblas/Makefile
config.status:1168: creating cdf/Makefile
config.status:1168: creating complex/Makefile
config.status:1168: creating eigen/Makefile
config.status:1168: creating err/Makefile
config.status:1168: creating gsl/Makefile
config.status:1168: creating histogram/Makefile
config.status:1168: creating ieee-utils/Makefile
config.status:1168: creating integration/Makefile
config.status:1168: creating linalg/Makefile
config.status:1168: creating matrix/Makefile
config.status:1168: creating permutation/Makefile
config.status:1168: creating poly/Makefile
config.status:1168: creating rng/Makefile
config.status:1168: creating sort/Makefile
config.status:1168: creating specfunc/Makefile
config.status:1168: creating statistics/Makefile
config.status:1168: creating sys/Makefile
config.status:1168: creating test/Makefile
config.status:1168: creating utils/Makefile
config.status:1168: creating vector/Makefile
config.status:1168: creating config.h
config.status:1397: executing depfiles commands
config.status:1474: cd .       && sed -e '/# am--include-marker/d' Makefile         | make -f - am--depfiles
config.status:1479: $? = 0
config.status:1474: cd blas       && sed -e '/# am--include-marker/d' Makefile         | make -f - am--depfiles
config.status:1479: $? = 0
config.status:1474: cd block       && sed -e '/# am--include-marker/d' Makefile         | make -f - am--depfiles
config.status:1479: $? = 0
config.status:1474: cd cblas       && sed -e '/# am--include-marker/d' Makefile         | make -f - am--depfiles
config.status:1479: $? = 0
config.status:1474: cd cdf       && sed -e '/# am--include-marker/d' Makefile         | make -f - am--depfiles
config.status:1479: $? = 0
config.status:1474: cd complex       && sed -e '/# am--include-marker/d' Makefile         | make -f - am--depfiles
config.status:1479: $? = 0
config.status:1474: cd eigen       && sed -e '/# am--include-marker/d' Makefile         | make -f - am--depfiles
config.status:1479: $? = 0
config.status:1474: cd err       && sed -e '/# am--include-marker/d' Makefile         | make -f - am--depfiles
config.status:1479: $? = 0
config.status:1474: cd histogram       && sed -e '/# am--include-marker/d' Makefile         | make -f - am--depfiles
config.status:1479: $? = 0
config.status:1474: cd ieee-utils       && sed -e '/# am--include-marker/d' Makefile         | make -f - am--depfiles
config.status:1479: $? = 0
config.status:1474: cd integration       && sed -e '/# am--include-marker/d' Makefile         | make -f - am--depfiles
config.status:1479: $? = 0
config.status:1474: cd linalg       && sed -e '/# am--include-marker/d' Makefile         | make -f - am--depfiles
config.status:1479: $? = 0
config.status:1474: cd matrix       && sed -e '/# am--include-marker/d' Makefile         | make -f - am--depfiles
config.status:1479: $? = 0
config.status:1474: cd permutation       && sed -e '/# am--include-marker/d' Makefile         | make -f - am--depfiles
config.status:1479: $? = 0
config.status:1474: cd poly       && sed -e '/# am--include-marker/d' Makefile         | make -f - am--depfiles
config.status:1479: $? = 0
config.status:1474: cd rng       && sed -e '/# am--include-marker/d' Makefile         | make -f - am--depfiles
config.status:1479: $? = 0
config.status:1474: cd sort       && sed -e '/# am--include-marker/d' Makefile         | make -f - am--depfiles
config.status:1479: $? = 0
config.status:1474: cd specfunc       && sed -e '/# am--include-marker/d' Makefile         | make -f - am--depfiles
config.status:1479: $? = 0
config.status:1474: cd statistics       && sed -e '/# am--include-marker/d' Makefile         | make -f - am--depfiles
config.status:1479: $? = 0
config.status:1474: cd sys       && sed -e '/# am--include-marker/d' Makefile         | make -f - am--depfiles
config.status:1479: $? = 0
config.status:1474: cd test       && sed -e '/# am--include-marker/d' Makefile         | make -f - am--depfiles
config.status:1479: $? = 0
config.status:1474: cd utils       && sed -e '/# am--include-marker/d' Makefile         | make -f - am--depfiles
config.status:1479: $? = 0
config.status:1474: cd vector       && sed -e '/# am--include-marker/d' Makefile         | make -f - am--depfiles
config.status:1479: $? = 0
config.status:1397: executing libtool commands

## ---------------- ##
## Cache variables. ##
## ---------------- ##

ac_cv_build=x86_64-unknown-linux-gnu
ac_cv_c_c99inline=yes
ac_cv_c_char_unsigned=no
ac_cv_c_compiler_gnu=yes
ac_cv_c_extended_fp=yes
ac_cv_c_extern_inline=no
ac_cv_c_fpu_setcw=yes
ac_cv_c_fpu_sse=yes
ac_cv_c_ieee_comparisons=yes
ac_cv_c_ieee_denormals=yes
ac_cv_c_ieee_flags=none
ac_cv_c_ieee_interface=gnux86
ac_cv_c_inline=inline
ac_cv_c_volatile=yes
ac_cv_decl_exit_success_and_failure=yes
ac_cv_env_CC_set=
ac_cv_env_CC_value=
ac_cv_env_CFLAGS_set=
ac_cv_env_CFLAGS_value=
ac_cv_env_CPPFLAGS_set=
ac_cv_env_CPPFLAGS_value=
ac_cv_env_CPP_set=
ac_cv_env_CPP_value=
ac_cv_env_LDFLAGS_set=
ac_cv_env_LDFLAGS_value=
ac_cv_env_LIBS_set=
ac_cv_env_LIBS_value=
ac_cv_env_LT_SYS_LIBRARY_PATH_set=
ac_cv_env_LT_SYS_LIBRARY_PATH_value=
ac_cv_env_build_alias_set=
ac_cv_env_build_alias_value=
ac_cv_env_host_alias_set=
ac_cv_env_host_alias_value=
ac_cv_env_target_alias_set=
ac_cv_env_target_alias_value=
ac_cv_func__doprnt=no
ac_cv_func_memcpy=yes
ac_cv_func_memmove=yes
ac_cv_func_printf_longdouble=yes
ac_cv_func_strdup=yes
ac_cv_func_strtol=yes
ac_cv_func_strtoul=yes
ac_cv_func_vprintf=yes
ac_cv_have_decl_acosh=yes
ac_cv_have_decl_asinh=yes
ac_cv_have_decl_atanh=yes
ac_cv_have_decl_expm1=yes
ac_cv_have_decl_feenableexcept=yes
ac_cv_have_decl_fesettrapenable=no
ac_cv_have_decl_finite=yes
ac_cv_have_decl_fprnd_t=no
ac_cv_have_decl_frexp=yes
ac_cv_have_decl_hypot=yes
ac_cv_have_decl_isfinite=yes
ac_cv_have_decl_isinf=yes
ac_cv_have_decl_isnan=yes
ac_cv_have_decl_ldexp=yes
ac_cv_have_decl_log1p=yes
ac_cv_header_dlfcn_h=yes
ac_cv_header_ieeefp_h=no
ac_cv_header_inttypes_h=yes
ac_cv_header_memory_h=yes
ac_cv_header_stdc=yes
ac_cv_header_stdint_h=yes
ac_cv_header_stdlib_h=yes
ac_cv_header_string_h=yes
ac_cv_header_strings_h=yes
ac_cv_header_sys_stat_h=yes
ac_cv_header_sys_types_h=yes
ac_cv_header_unistd_h=yes
ac_cv_host=x86_64-unknown-linux-gnu
ac_cv_lib_m_cos=yes
ac_cv_objext=o
ac_cv_path_EGREP='/usr/bin/grep -E'
ac_cv_path_FGREP='/usr/bin/grep -F'
ac_cv_path_GREP=/usr/bin/grep
ac_cv_path_SED=/usr/bin/sed
ac_cv_path_install='/usr/bin/install -c'
ac_cv_path_lt_DD=/usr/bin/dd
ac_cv_path_mkdir=/usr/bin/mkdir
ac_cv_prog_AWK=mawk
ac_cv_prog_CPP='gcc -E'
ac_cv_prog_ac_ct_AR=ar
ac_cv_prog_ac_ct_CC=gcc
ac_cv_prog_ac_ct_MANIFEST_TOOL=mt
ac_cv_prog_ac_ct_OBJDUMP=objdump
ac_cv_prog_ac_ct_RANLIB=ranlib
ac_cv_prog_ac_ct_STRIP=strip
ac_cv_prog_cc_c89=
ac_cv_prog_cc_g=yes
ac_cv_prog_make_make_set=yes
ac_cv_type_size_t=yes
am_cv_CC_dependencies_compiler_type=gcc3
am_cv_make_support_nested_variables=yes
am_cv_prog_cc_c_o=yes
lt_cv_ar_at_file=@
lt_cv_archive_cmds_need_lc=no
lt_cv_deplibs_check_method=pass_all
lt_cv_file_magic_cmd='$MAGIC_CMD'
lt_cv_file_magic_test_file=
lt_cv_ld_reload_flag=-r
lt_cv_nm_interface='BSD nm'
lt_cv_objdir=.libs
lt_cv_path_LD=/usr/bin/ld
lt_cv_path_NM='/usr/bin/nm -B'
lt_cv_path_mainfest_tool=no
lt_cv_prog_compiler_c_o=yes
lt_cv_prog_compiler_pic='-fPIC -DPIC'
lt_cv_prog_compiler_pic_works=yes
lt_cv_prog_compiler_rtti_exceptions=no
lt_cv_prog_compiler_static_works=yes
lt_cv_prog_gnu_ld=yes
lt_cv_sharedlib_from_linklib_cmd='printf %s\n'
lt_cv_shlibpath_overrides_runpath=yes
lt_cv_sys_global_symbol_pipe='sed -n -e '\''s/^.*[	 ]\([ABCDGIRSTW][ABCDGIRSTW]*\)[	 ][	 ]*\([_A-Za-z][_A-Za-z0-9]*\)$/\1 \2 \2/p'\'' | sed '\''/ __gnu_lto/d'\'''
lt_cv_sys_global_symbol_to_c_name_address='sed -n -e '\''s/^: \(.*\) .*$/  {"\1", (void *) 0},/p'\'' -e '\''s/^[ABCDGIRSTW][ABCDGIRSTW]* .* \(.*\)$/  {"\1", (void *) \&\1},/p'\'''
lt_cv_sys_global_symbol_to_c_name_address_lib_prefix='sed -n -e '\''s/^: \(.*\) .*$/  {"\1", (void *) 0},/p'\'' -e '\''s/^[ABCDGIRSTW][ABCDGIRSTW]* .* \(lib.*\)$/  {"\1", (void *) \&\1},/p'\'' -e '\''s/^[ABCDGIRSTW][ABCDGIRSTW]* .* \(.*\)$/  {"lib\1", (void *) \&\1},/p'\'''
lt_cv_sys_global_symbol_to_cdecl='sed -n -e '\''s/^T .* \(.*\)$/extern int \1();/p'\'' -e '\''s/^[ABCDGIRSTW][ABCDGIRSTW]* .* \(.*\)$/extern char \1;/p'\'''
lt_cv_sys_global_symbol_to_import=
lt_cv_sys_max_cmd_len=1572864
lt_cv_to_host_file_cmd=func_convert_file_noop
lt_cv_to_tool_file_cmd=func_convert_file_noop
lt_cv_truncate_bin='/usr/bin/dd bs=4096 count=1'

## ----------------- ##
## Output variables. ##
## ----------------- ##

ACLOCAL='${SHELL} /home/jrb/enpicom-local/code/IGoR/libs/gsl_sub/missing aclocal-1.16'
AMDEPBACKSLASH='\'
AMDEP_FALSE='#'
AMDEP_TRUE=''
AMTAR='$${TAR-tar}'
AM_BACKSLASH='\'
AM_DEFAULT_V='$(AM_DEFAULT_VERBOSITY)'
AM_DEFAULT_VERBOSITY='1'
AM_V='$(V)'
AR='ar'
AUTOCONF='${SHELL} /home/jrb/enpicom-local/code/IGoR/libs/gsl_sub/missing autoconf'
AUTOHEADER='${SHELL} /home/jrb/enpicom-local/code/IGoR/libs/gsl_sub/missing autoheader'
AUTOMAKE='${SHELL} /home/jrb/enpicom-local/code/IGoR/libs/gsl_sub/missing automake-1.16'
AWK='mawk'
CC='gcc'
CCDEPMODE='depmode=gcc3'
CFLAGS='-g -O2'
CPP='gcc -E'
CPPFLAGS=''
CYGPATH_W='echo'
DEFS='-DHAVE_CONFIG_H'
DEPDIR='.deps'
DLLTOOL='false'
DSYMUTIL=''
DUMPBIN=''
ECHO_C=''
ECHO_N='-n'
ECHO_T=''
EGREP='/usr/bin/grep -E'
EXEEXT=''
FGREP='/usr/bin/grep -F'
GREP='/usr/bin/grep'
GSLCBLAS_LDFLAGS=''
GSL_CFLAGS='-I${prefix}/include'
GSL_LDFLAGS=''
GSL_LIBADD=''
GSL_LIBM='-lm'
GSL_LIBS='-L${exec_prefix}/lib -lgsl'
GSL_LT_CBLAS_VERSION='0:0:0'
GSL_LT_VERSION='22:0:3'
GSL_MAJOR_VERSION='2'
GSL_MINOR_VERSION='3'
HAVE_AIX_IEEE_INTERFACE=''
HAVE_DARWIN86_IEEE_INTERFACE=''
HAVE_DARWIN_IEEE_INTERFACE=''
HAVE_FREEBSD_IEEE_INTERFACE=''
HAVE_GNUM68K_IEEE_INTERFACE=''
HAVE_GNUPPC_IEEE_INTERFACE=''
HAVE_GNUSPARC_IEEE_INTERFACE=''
HAVE_GNUX86_IEEE_INTERFACE=''
HAVE_HPUX11_IEEE_INTERFACE=''
HAVE_HPUX_IEEE_INTERFACE=''
HAVE_IRIX_IEEE_INTERFACE=''
HAVE_NETBSD_IEEE_INTERFACE=''
HAVE_OPENBSD_IEEE_INTERFACE=''
HAVE_OS2EMX_IEEE_INTERFACE=''
HAVE_SOLARIS_IEEE_INTERFACE=''
HAVE_SUNOS4_IEEE_INTERFACE=''
HAVE_TRU64_IEEE_INTERFACE=''
INSTALL_DATA='${INSTALL} -m 644'
INSTALL_PROGRAM='${INSTALL}'
INSTALL_SCRIPT='${INSTALL}'
INSTALL_STRIP_PROGRAM='$(install_sh) -c -s'
LD='/usr/bin/ld -m elf_x86_64'
LDFLAGS=''
LIBM='-lm'
LIBOBJS=''
LIBS='-lm '
LIBTOOL='$(SHELL) $(top_builddir)/libtool'
LIPO=''
LN_S='ln -s'
LTLIBOBJS=''
LT_SYS_LIBRARY_PATH=''
MAINT='#'
MAINTAINER_MODE_FALSE=''
MAINTAINER_MODE_TRUE='#'
MAKEINFO='${SHELL} /home/jrb/enpicom-local/code/IGoR/libs/gsl_sub/missing makeinfo'
MANIFEST_TOOL=':'
MKDIR_P='/usr/bin/mkdir -p'
NM='/usr/bin/nm -B'
NMEDIT=''
OBJDUMP='objdump'
OBJEXT='o'
OTOOL64=''
OTOOL=''
PACKAGE='gsl'
PACKAGE_BUGREPORT=''
PACKAGE_NAME='gsl'
PACKAGE_STRING='gsl 2.3'
PACKAGE_TARNAME='gsl'
PACKAGE_URL=''
PACKAGE_VERSION='2.3'
PATH_SEPARATOR=':'
RANLIB='ranlib'
SED='/usr/bin/sed'
SET_MAKE=''
SHELL='/bin/bash'
STRIP='strip'
VERSION='2.3'
ac_ct_AR='ar'
ac_ct_CC='gcc'
ac_ct_DUMPBIN=''
am__EXEEXT_FALSE=''
am__EXEEXT_TRUE='#'
am__fastdepCC_FALSE='#'
am__fastdepCC_TRUE=''
am__include='include'
am__isrc=''
am__leading_dot='.'
am__nodep='_no'
am__quote=''
am__tar='$${TAR-tar} chof - "$$tardir"'
am__untar='$${TAR-tar} xf -'
bindir='${exec_prefix}/bin'
build='x86_64-unknown-linux-gnu'
build_alias=''
build_cpu='x86_64'
build_os='linux-gnu'
build_vendor='unknown'
datadir='${datarootdir}'
datarootdir='${prefix}/share'
docdir='${datarootdir}/doc/${PACKAGE_TARNAME}'
dvidir='${docdir}'
exec_prefix='${prefix}'
host='x86_64-unknown-linux-gnu'
host_alias=''
host_cpu='x86_64'
host_os='linux-gnu'
host_vendor='unknown'
htmldir='${docdir}'
includedir='${prefix}/include'
infodir='${datarootdir}/info'
install_sh='${SHELL} /home/jrb/enpicom-local/code/IGoR/libs/gsl_sub/install-sh'
libdir='${exec_prefix}/lib'
libexecdir='${exec_prefix}/libexec'
localedir='${datarootdir}/locale'
localstatedir='${prefix}/var'
mandir='${datarootdir}/man'
mkdir_p='$(MKDIR_P)'
oldincludedir='/usr/include'
pdfdir='${docdir}'
prefix='/usr/local'
program_transform_name='s,x,x,'
psdir='${docdir}'
runstatedir='${localstatedir}/run'
sbindir='${exec_prefix}/sbin'
sharedstatedir='${prefix}/com'
sysconfdir='${prefix}/etc'
target_alias=''

## ----------- ##
## confdefs.h. ##
## ----------- ##

/* confdefs.h */
#define PACKAGE_NAME "gsl"
#define PACKAGE_TARNAME "gsl"
#define PACKAGE_VERSION "2.3"
#define PACKAGE_STRING "gsl 2.3"
#define PACKAGE_BUGREPORT ""
#define PACKAGE_URL ""
#define PACKAGE "gsl"
#define VERSION "2.3"
#define RELEASED /**/
#define STDC_HEADERS 1
#define HAVE_SYS_TYPES_H 1
#define HAVE_SYS_STAT_H 1
#define HAVE_STDLIB_H 1
#define HAVE_STRING_H 1
#define HAVE_MEMORY_H 1
#define HAVE_STRINGS_H 1
#define HAVE_INTTYPES_H 1
#define HAVE_STDINT_H 1
#define HAVE_UNISTD_H 1
#define HAVE_DLFCN_H 1
#define LT_OBJDIR ".libs/"
#define HAVE_INLINE 1
#define HAVE_C99_INLINE 1
#define HAVE_VPRINTF 1
#define HAVE_MEMCPY 1
#define HAVE_MEMMOVE 1
#define HAVE_STRDUP 1
#define HAVE_STRTOL 1
#define HAVE_STRTOUL 1
#define HAVE_EXIT_SUCCESS_AND_FAILURE 1
#define HAVE_LIBM 1
#define HAVE_DECL_FEENABLEEXCEPT 1
#define HAVE_DECL_FESETTRAPENABLE 0
#define HAVE_DECL_HYPOT 1
#define HAVE_DECL_EXPM1 1
#define HAVE_DECL_ACOSH 1
#define HAVE_DECL_ASINH 1
#define HAVE_DECL_ATANH 1
#define HAVE_DECL_LDEXP 1
#define HAVE_DECL_FREXP 1
#define HAVE_DECL_FPRND_T 0
#define HAVE_DECL_ISINF 1
#define HAVE_DECL_ISFINITE 1
#define HAVE_DECL_FINITE 1
#define HAVE_DECL_ISNAN 1
#define HAVE_DECL_LOG1P 1
#define HAVE_PRINTF_LONGDOUBLE 1
#define HAVE_EXTENDED_PRECISION_REGISTERS 1
#define HAVE_FPU_X86_SSE 1
#define HAVE_GNUX86_IEEE_INTERFACE 1
#define HAVE_IEEE_COMPARISONS 1
#define HAVE_IEEE_DENORMALS 1

configure: exit 0
